Using pre-set license
Built from '2022.3/release' branch; Version is '2022.3.5f1 (9674261d40ee) revision 9860134'; Using compiler version '192829333'; Build Type 'Release'
OS: 'Windows 10  (10.0.19045) 64bit Core' Language: 'en' Physical Memory: 8122 MB
BatchMode: 1, IsHumanControllingUs: 0, StartBugReporterOnCrash: 0, Is64bit: 1, IsPro: 1

COMMAND LINE ARGUMENTS:
B:\Unity\Hub\Editor\2022.3.5f1\Editor\Unity.exe
-adb2
-batchMode
-noUpm
-name
AssetImportWorker0
-projectPath
B:/Unity/Projects/math card
-logFile
Logs/AssetImportWorker0.log
-srvPort
56891
Successfully changed project path to: B:/Unity/Projects/math card
B:/Unity/Projects/math card
[UnityMemory] Configuration Parameters - Can be set up in boot.config
    "memorysetup-bucket-allocator-granularity=16"
    "memorysetup-bucket-allocator-bucket-count=8"
    "memorysetup-bucket-allocator-block-size=33554432"
    "memorysetup-bucket-allocator-block-count=8"
    "memorysetup-main-allocator-block-size=16777216"
    "memorysetup-thread-allocator-block-size=16777216"
    "memorysetup-gfx-main-allocator-block-size=16777216"
    "memorysetup-gfx-thread-allocator-block-size=16777216"
    "memorysetup-cache-allocator-block-size=4194304"
    "memorysetup-typetree-allocator-block-size=2097152"
    "memorysetup-profiler-bucket-allocator-granularity=16"
    "memorysetup-profiler-bucket-allocator-bucket-count=8"
    "memorysetup-profiler-bucket-allocator-block-size=33554432"
    "memorysetup-profiler-bucket-allocator-block-count=8"
    "memorysetup-profiler-allocator-block-size=16777216"
    "memorysetup-profiler-editor-allocator-block-size=1048576"
    "memorysetup-temp-allocator-size-main=16777216"
    "memorysetup-job-temp-allocator-block-size=2097152"
    "memorysetup-job-temp-allocator-block-size-background=1048576"
    "memorysetup-job-temp-allocator-reduction-small-platforms=262144"
    "memorysetup-allocator-temp-initial-block-size-main=262144"
    "memorysetup-allocator-temp-initial-block-size-worker=262144"
    "memorysetup-temp-allocator-size-background-worker=32768"
    "memorysetup-temp-allocator-size-job-worker=262144"
    "memorysetup-temp-allocator-size-preload-manager=33554432"
    "memorysetup-temp-allocator-size-nav-mesh-worker=65536"
    "memorysetup-temp-allocator-size-audio-worker=65536"
    "memorysetup-temp-allocator-size-cloud-worker=32768"
    "memorysetup-temp-allocator-size-gi-baking-worker=262144"
    "memorysetup-temp-allocator-size-gfx=262144"
Player connection [26592] Host "[IP] 192.168.0.123 [Port] 0 [Flags] 2 [Guid] 198007348 [EditorId] 198007348 [Version] 1048832 [Id] WindowsEditor(7,DESKTOP-SO7CM09) [Debug] 1 [PackageName] WindowsEditor [ProjectName] Editor" joined multi-casting on [225.0.0.222:54997]...

Player connection [26592] Host "[IP] 192.168.0.123 [Port] 0 [Flags] 2 [Guid] 198007348 [EditorId] 198007348 [Version] 1048832 [Id] WindowsEditor(7,DESKTOP-SO7CM09) [Debug] 1 [PackageName] WindowsEditor [ProjectName] Editor" joined alternative multi-casting on [225.0.0.222:34997]...

Refreshing native plugins compatible for Editor in 6.56 ms, found 3 plugins.
Preloading 0 native plugins for Editor in 0.00 ms.
Initialize engine version: 2022.3.5f1 (9674261d40ee)
[Subsystems] Discovering subsystems at path B:/Unity/Hub/Editor/2022.3.5f1/Editor/Data/Resources/UnitySubsystems
[Subsystems] Discovering subsystems at path B:/Unity/Projects/math card/Assets
GfxDevice: creating device client; threaded=0; jobified=0
Direct3D:
    Version:  Direct3D 11.0 [level 11.0]
    Renderer: NVIDIA GeForce GT 710 (ID=0x128b)
    Vendor:   NVIDIA
    VRAM:     2007 MB
    Driver:   27.21.14.5671
Initialize mono
Mono path[0] = 'B:/Unity/Hub/Editor/2022.3.5f1/Editor/Data/Managed'
Mono path[1] = 'B:/Unity/Hub/Editor/2022.3.5f1/Editor/Data/MonoBleedingEdge/lib/mono/unityjit-win32'
Mono config path = 'B:/Unity/Hub/Editor/2022.3.5f1/Editor/Data/MonoBleedingEdge/etc'
Using monoOptions --debugger-agent=transport=dt_socket,embedding=1,server=y,suspend=n,address=127.0.0.1:56848
Begin MonoManager ReloadAssembly
Registering precompiled unity dll's ...
Register platform support module: B:/Unity/Hub/Editor/2022.3.5f1/Editor/Data/PlaybackEngines/MacStandaloneSupport/UnityEditor.OSXStandalone.Extensions.dll
Register platform support module: B:/Unity/Hub/Editor/2022.3.5f1/Editor/Data/PlaybackEngines/AndroidPlayer/UnityEditor.Android.Extensions.dll
Register platform support module: B:/Unity/Hub/Editor/2022.3.5f1/Editor/Data/PlaybackEngines/WindowsStandaloneSupport/UnityEditor.WindowsStandalone.Extensions.dll
Register platform support module: B:/Unity/Hub/Editor/2022.3.5f1/Editor/Data/PlaybackEngines/MetroSupport/UnityEditor.UWP.Extensions.dll
Registered in 0.006987 seconds.
- Loaded All Assemblies, in  0.369 seconds
Native extension for UWP target not found
Native extension for WindowsStandalone target not found
Native extension for Android target not found
Android Extension - Scanning For ADB Devices 275 ms
Native extension for OSXStandalone target not found
Mono: successfully reloaded assembly
- Finished resetting the current domain, in  0.617 seconds
Domain Reload Profiling: 986ms
	BeginReloadAssembly (99ms)
		ExecutionOrderSort (0ms)
		DisableScriptedObjects (0ms)
		BackupInstance (0ms)
		ReleaseScriptingObjects (0ms)
		CreateAndSetChildDomain (1ms)
	RebuildCommonClasses (35ms)
	RebuildNativeTypeToScriptingClass (11ms)
	initialDomainReloadingComplete (61ms)
	LoadAllAssembliesAndSetupDomain (162ms)
		LoadAssemblies (99ms)
		RebuildTransferFunctionScriptingTraits (0ms)
		AnalyzeDomain (158ms)
			TypeCache.Refresh (157ms)
				TypeCache.ScanAssembly (139ms)
			ScanForSourceGeneratedMonoScriptInfo (1ms)
			ResolveRequiredComponents (1ms)
	FinalizeReload (617ms)
		ReleaseScriptCaches (0ms)
		RebuildScriptCaches (0ms)
		SetupLoadedEditorAssemblies (556ms)
			LogAssemblyErrors (0ms)
			InitializePlatformSupportModulesInManaged (391ms)
			SetLoadedEditorAssemblies (4ms)
			RefreshPlugins (0ms)
			BeforeProcessingInitializeOnLoad (2ms)
			ProcessInitializeOnLoadAttributes (103ms)
			ProcessInitializeOnLoadMethodAttributes (55ms)
			AfterProcessingInitializeOnLoad (0ms)
			EditorAssembliesLoaded (0ms)
		ExecutionOrderSort2 (0ms)
		AwakeInstancesAfterBackupRestoration (0ms)
========================================================================
Worker process is ready to serve import requests
Begin MonoManager ReloadAssembly
Symbol file LoadedFromMemory doesn't match image B:\Unity\Projects\math card\Library\PackageCache\com.unity.visualscripting@1.8.0\Editor\VisualScripting.Core\Dependencies\YamlDotNet\Unity.VisualScripting.YamlDotNet.dll
Symbol file LoadedFromMemory doesn't match image B:\Unity\Projects\math card\Library\PackageCache\com.unity.visualscripting@1.8.0\Editor\VisualScripting.Core\Dependencies\DotNetZip\Unity.VisualScripting.IonicZip.dll
- Loaded All Assemblies, in  0.833 seconds
Refreshing native plugins compatible for Editor in 2.31 ms, found 3 plugins.
Native extension for UWP target not found
Native extension for WindowsStandalone target not found
Native extension for Android target not found
Native extension for OSXStandalone target not found
System.Exception: Error! Visual Scripting: couldn't find visual scripting package
  at Unity.VisualScripting.PackageVersionUtility.get_version () [0x00043] in .\Library\PackageCache\com.unity.visualscripting@1.8.0\Editor\VisualScripting.Core\Utilities\PackageVersionUtility.cs:31 
  at Unity.VisualScripting.BoltCoreManifest.get_version () [0x00000] in .\Library\PackageCache\com.unity.visualscripting@1.8.0\Editor\VisualScripting.Core\Plugin\BoltCoreManifest.cs:11 
  at Unity.VisualScripting.PluginManifest.get_currentVersion () [0x00000] in .\Library\PackageCache\com.unity.visualscripting@1.8.0\Editor\VisualScripting.Core\Plugins\PluginManifest.cs:33 
  at Unity.VisualScripting.PluginManifest.get_versionMismatch () [0x00000] in .\Library\PackageCache\com.unity.visualscripting@1.8.0\Editor\VisualScripting.Core\Plugins\PluginManifest.cs:48 
  at Unity.VisualScripting.PluginContainer.Initialize () [0x00525] in .\Library\PackageCache\com.unity.visualscripting@1.8.0\Editor\VisualScripting.Core\Plugins\PluginContainer.cs:208 
  at Unity.VisualScripting.PluginContainer.InitializeOnLoad () [0x00009] in .\Library\PackageCache\com.unity.visualscripting@1.8.0\Editor\VisualScripting.Core\Plugins\PluginContainer.cs:32 
  at Unity.VisualScripting.VSUsageUtility.DoInitializeOnLoadCalls () [0x00034] in .\Library\PackageCache\com.unity.visualscripting@1.8.0\Editor\VisualScripting.Core\Utilities\VSUsageUtility.cs:76 
  at Unity.VisualScripting.VSUsageUtility.set_isVisualScriptingUsed (System.Boolean value) [0x0002c] in .\Library\PackageCache\com.unity.visualscripting@1.8.0\Editor\VisualScripting.Core\Utilities\VSUsageUtility.cs:114 
  at Unity.VisualScripting.VSUsageUtility.CheckAndSetIsVisualScriptingUsed () [0x00032] in .\Library\PackageCache\com.unity.visualscripting@1.8.0\Editor\VisualScripting.Core\Utilities\VSUsageUtility.cs:48 
  at Unity.VisualScripting.VSUsageUtility..cctor () [0x00000] in .\Library\PackageCache\com.unity.visualscripting@1.8.0\Editor\VisualScripting.Core\Utilities\VSUsageUtility.cs:22 
UnityEngine.StackTraceUtility:ExtractStackTrace ()
UnityEngine.DebugLogHandler:LogFormat (UnityEngine.LogType,UnityEngine.Object,string,object[])
UnityEngine.Logger:Log (UnityEngine.LogType,object)
UnityEngine.Debug:LogError (object)
UnityEditor.EditorAssemblies:ProcessInitializeOnLoadAttributes (System.Type[])

Mono: successfully reloaded assembly
- Finished resetting the current domain, in  1.259 seconds
Domain Reload Profiling: 2092ms
	BeginReloadAssembly (143ms)
		ExecutionOrderSort (0ms)
		DisableScriptedObjects (5ms)
		BackupInstance (0ms)
		ReleaseScriptingObjects (0ms)
		CreateAndSetChildDomain (25ms)
	RebuildCommonClasses (39ms)
	RebuildNativeTypeToScriptingClass (15ms)
	initialDomainReloadingComplete (47ms)
	LoadAllAssembliesAndSetupDomain (589ms)
		LoadAssemblies (321ms)
		RebuildTransferFunctionScriptingTraits (0ms)
		AnalyzeDomain (346ms)
			TypeCache.Refresh (323ms)
				TypeCache.ScanAssembly (304ms)
			ScanForSourceGeneratedMonoScriptInfo (16ms)
			ResolveRequiredComponents (7ms)
	FinalizeReload (1260ms)
		ReleaseScriptCaches (0ms)
		RebuildScriptCaches (0ms)
		SetupLoadedEditorAssemblies (1079ms)
			LogAssemblyErrors (0ms)
			InitializePlatformSupportModulesInManaged (24ms)
			SetLoadedEditorAssemblies (3ms)
			RefreshPlugins (0ms)
			BeforeProcessingInitializeOnLoad (54ms)
			ProcessInitializeOnLoadAttributes (976ms)
			ProcessInitializeOnLoadMethodAttributes (19ms)
			AfterProcessingInitializeOnLoad (3ms)
			EditorAssembliesLoaded (0ms)
		ExecutionOrderSort2 (0ms)
		AwakeInstancesAfterBackupRestoration (8ms)
Launched and connected shader compiler UnityShaderCompiler.exe after 0.06 seconds
Refreshing native plugins compatible for Editor in 2.12 ms, found 3 plugins.
Preloading 0 native plugins for Editor in 0.00 ms.
Unloading 3502 Unused Serialized files (Serialized files now loaded: 0)
Unloading 38 unused Assets / (57.0 KB). Loaded Objects now: 3971.
Memory consumption went from 139.9 MB to 139.8 MB.
Total: 16.814200 ms (FindLiveObjects: 0.388700 ms CreateObjectMapping: 0.340400 ms MarkObjects: 15.921600 ms  DeleteObjects: 0.162300 ms)

AssetImportParameters requested are different than current active one (requested -> active):
  custom:container-demuxer-ogg: 62fdf1f143b41e24485cea50d1cbac27 -> 
  custom:video-decoder-ogg-theora: a1e56fd34408186e4bbccfd4996cb3dc -> 
  custom:framework-win-MediaFoundation: 216162199b28c13a410421893ffa2e32 -> 
  custom:container-demuxer-webm: 4f35f7cbe854078d1ac9338744f61a02 -> 
  custom:container-muxer-webm: aa71ff27fc2769a1b78a27578f13a17b -> 
  custom:video-decoder-webm-vp8: 9c59270c3fd7afecdb556c50c9e8de78 -> 
  custom:AudioImporter_EditorPlatform: d09bf68614088b80899f8185d706f6e7 -> 
  custom:video-encoder-webm-vp8: eb34c28f22e8b96e1ab97ce403110664 -> 
  custom:audio-decoder-ogg-vorbis: bf7c407c2cedff20999df2af8eb42d56 -> 
  custom:audio-encoder-webm-vorbis: bf7c407c2cedff20999df2af8eb42d56 -> 
========================================================================
Received Import Request.
  Time since last request: 616216.029053 seconds.
  path: Assets/Obj/torch.png
  artifactKey: Guid(a6037397d861b1941b0c6730a57e5538) Importer(815301076,1909f56bfc062723c751e8b465ee728b)
Start importing Assets/Obj/torch.png using Guid(a6037397d861b1941b0c6730a57e5538) Importer(815301076,1909f56bfc062723c751e8b465ee728b)  -> (artifact id: 'cf7835e9fe4b4edbf8574f519f562099') in 0.071256 seconds
Number of updated asset objects reloaded before import = 0
Number of asset objects unloaded after import = 2
========================================================================
Received Import Request.
  Time since last request: 0.000024 seconds.
  path: Assets/Obj/cave_vines_plant_lit.png
  artifactKey: Guid(c80561ff182ab614d932c972bb078904) Importer(815301076,1909f56bfc062723c751e8b465ee728b)
Start importing Assets/Obj/cave_vines_plant_lit.png using Guid(c80561ff182ab614d932c972bb078904) Importer(815301076,1909f56bfc062723c751e8b465ee728b)  -> (artifact id: '13f96c8b4e865cc289d9f5c67bd413d3') in 0.007207 seconds
Number of updated asset objects reloaded before import = 0
Number of asset objects unloaded after import = 2
========================================================================
Received Import Request.
  Time since last request: 0.000030 seconds.
  path: Assets/Obj/birch_planks.png
  artifactKey: Guid(82644b0888ac8bf48a1d5af7a8b614d1) Importer(815301076,1909f56bfc062723c751e8b465ee728b)
Start importing Assets/Obj/birch_planks.png using Guid(82644b0888ac8bf48a1d5af7a8b614d1) Importer(815301076,1909f56bfc062723c751e8b465ee728b)  -> (artifact id: '98e064e3517a59d0ef2f54fa677ed5f7') in 0.010677 seconds
Number of updated asset objects reloaded before import = 0
Number of asset objects unloaded after import = 2
========================================================================
Received Import Request.
  Time since last request: 0.000020 seconds.
  path: Assets/Obj/cauldron_inner.png
  artifactKey: Guid(f9967e40f85802a4a877ea6bb5c0817c) Importer(815301076,1909f56bfc062723c751e8b465ee728b)
Start importing Assets/Obj/cauldron_inner.png using Guid(f9967e40f85802a4a877ea6bb5c0817c) Importer(815301076,1909f56bfc062723c751e8b465ee728b)  -> (artifact id: '0eb0fc43f23973ade8a8b398b361c234') in 0.008211 seconds
Number of updated asset objects reloaded before import = 0
Number of asset objects unloaded after import = 2
========================================================================
Received Import Request.
  Time since last request: 0.000021 seconds.
  path: Assets/Obj/glass.png
  artifactKey: Guid(1673350a11f892d47bd2c7d4ab23631c) Importer(815301076,1909f56bfc062723c751e8b465ee728b)
Start importing Assets/Obj/glass.png using Guid(1673350a11f892d47bd2c7d4ab23631c) Importer(815301076,1909f56bfc062723c751e8b465ee728b)  -> (artifact id: '4f79f7e57297f07b28b12d16c5772b5f') in 0.007682 seconds
Number of updated asset objects reloaded before import = 0
Number of asset objects unloaded after import = 2
========================================================================
Received Import Request.
  Time since last request: 0.000018 seconds.
  path: Assets/Obj/oak_planks.png
  artifactKey: Guid(b55720aedfd54c746bf1db0f6b7a2837) Importer(815301076,1909f56bfc062723c751e8b465ee728b)
Start importing Assets/Obj/oak_planks.png using Guid(b55720aedfd54c746bf1db0f6b7a2837) Importer(815301076,1909f56bfc062723c751e8b465ee728b)  -> (artifact id: 'b02d54bd503a6aff65015cd05c7a8d9d') in 0.007227 seconds
Number of updated asset objects reloaded before import = 0
Number of asset objects unloaded after import = 2
========================================================================
Received Import Request.
  Time since last request: 0.000018 seconds.
  path: Assets/Obj/cobbled_deepslate.png
  artifactKey: Guid(71c7b495255286b4697887253d231d39) Importer(815301076,1909f56bfc062723c751e8b465ee728b)
Start importing Assets/Obj/cobbled_deepslate.png using Guid(71c7b495255286b4697887253d231d39) Importer(815301076,1909f56bfc062723c751e8b465ee728b)  -> (artifact id: '870f257a8402fa46153ead168422f825') in 0.013252 seconds
Number of updated asset objects reloaded before import = 0
Number of asset objects unloaded after import = 2
========================================================================
Received Import Request.
  Time since last request: 0.000019 seconds.
  path: Assets/Obj/birch_door_bottom.png
  artifactKey: Guid(9c80f0b5bdf7ef34790512b99abd02bb) Importer(815301076,1909f56bfc062723c751e8b465ee728b)
Start importing Assets/Obj/birch_door_bottom.png using Guid(9c80f0b5bdf7ef34790512b99abd02bb) Importer(815301076,1909f56bfc062723c751e8b465ee728b)  -> (artifact id: 'af7e239821609f669d930b49b78fd2fe') in 0.007034 seconds
Number of updated asset objects reloaded before import = 0
Number of asset objects unloaded after import = 2
========================================================================
Received Import Request.
  Time since last request: 0.000018 seconds.
  path: Assets/Obj/barrel_top.png
  artifactKey: Guid(781e7b6542315d347b1c97dbaa6a10d9) Importer(815301076,1909f56bfc062723c751e8b465ee728b)
Start importing Assets/Obj/barrel_top.png using Guid(781e7b6542315d347b1c97dbaa6a10d9) Importer(815301076,1909f56bfc062723c751e8b465ee728b)  -> (artifact id: '12333dc97c32e5fe6022eb2a764f9054') in 0.006852 seconds
Number of updated asset objects reloaded before import = 0
Number of asset objects unloaded after import = 2
========================================================================
Received Import Request.
  Time since last request: 0.000017 seconds.
  path: Assets/Obj/MWO_redstone_dust_line0_off.png
  artifactKey: Guid(998c027f329b82246815b837bc12e0d2) Importer(815301076,1909f56bfc062723c751e8b465ee728b)
Start importing Assets/Obj/MWO_redstone_dust_line0_off.png using Guid(998c027f329b82246815b837bc12e0d2) Importer(815301076,1909f56bfc062723c751e8b465ee728b)  -> (artifact id: '494cae9071c9bfb37f0103a568d5239e') in 0.011952 seconds
Number of updated asset objects reloaded before import = 0
Number of asset objects unloaded after import = 2
========================================================================
Received Import Request.
  Time since last request: 0.000029 seconds.
  path: Assets/Obj/spore_blossom.png
  artifactKey: Guid(f945c1544dc02ad4b8b8cfcd3822e641) Importer(815301076,1909f56bfc062723c751e8b465ee728b)
Start importing Assets/Obj/spore_blossom.png using Guid(f945c1544dc02ad4b8b8cfcd3822e641) Importer(815301076,1909f56bfc062723c751e8b465ee728b)  -> (artifact id: '5e682d4ddc5a709f86d3590d308fff1f') in 0.008288 seconds
Number of updated asset objects reloaded before import = 0
Number of asset objects unloaded after import = 2
========================================================================
Received Import Request.
  Time since last request: 0.000031 seconds.
  path: Assets/Obj/oak_trapdoor.png
  artifactKey: Guid(3cdca976faddf1141ae316c125342528) Importer(815301076,1909f56bfc062723c751e8b465ee728b)
Start importing Assets/Obj/oak_trapdoor.png using Guid(3cdca976faddf1141ae316c125342528) Importer(815301076,1909f56bfc062723c751e8b465ee728b)  -> (artifact id: '702cbf9f5c5b378cdd27f8dcb020ddec') in 0.007097 seconds
Number of updated asset objects reloaded before import = 0
Number of asset objects unloaded after import = 2
========================================================================
Received Import Request.
  Time since last request: 0.000019 seconds.
  path: Assets/Obj/birch_trapdoor.png
  artifactKey: Guid(c68a7c9555c5b4949b6a4687d9e1651d) Importer(815301076,1909f56bfc062723c751e8b465ee728b)
Start importing Assets/Obj/birch_trapdoor.png using Guid(c68a7c9555c5b4949b6a4687d9e1651d) Importer(815301076,1909f56bfc062723c751e8b465ee728b)  -> (artifact id: '2697a93cda30a65cfaffccd64b585a0d') in 0.011994 seconds
Number of updated asset objects reloaded before import = 0
Number of asset objects unloaded after import = 2
========================================================================
Received Import Request.
  Time since last request: 0.000023 seconds.
  path: Assets/Obj/grass_y.png
  artifactKey: Guid(f51d7669069605d4787ad68bb969e706) Importer(815301076,1909f56bfc062723c751e8b465ee728b)
Start importing Assets/Obj/grass_y.png using Guid(f51d7669069605d4787ad68bb969e706) Importer(815301076,1909f56bfc062723c751e8b465ee728b)  -> (artifact id: '52cb7dc852951e156a64e91229c8157f') in 0.007308 seconds
Number of updated asset objects reloaded before import = 0
Number of asset objects unloaded after import = 2
========================================================================
Received Import Request.
  Time since last request: 0.000029 seconds.
  path: Assets/Obj
  artifactKey: Guid(bc066a3d0b267224fae1e8ba495dd182) Importer(815301076,1909f56bfc062723c751e8b465ee728b)
Start importing Assets/Obj using Guid(bc066a3d0b267224fae1e8ba495dd182) Importer(815301076,1909f56bfc062723c751e8b465ee728b)  -> (artifact id: '205706642cf104f743effcbd801f88c0') in 0.000620 seconds
Number of updated asset objects reloaded before import = 0
Number of asset objects unloaded after import = 0
========================================================================
Received Import Request.
  Time since last request: 0.000027 seconds.
  path: Assets/Obj/dandelion.png
  artifactKey: Guid(65d6773e165a4de47bfa7360e04a7766) Importer(815301076,1909f56bfc062723c751e8b465ee728b)
Start importing Assets/Obj/dandelion.png using Guid(65d6773e165a4de47bfa7360e04a7766) Importer(815301076,1909f56bfc062723c751e8b465ee728b)  -> (artifact id: 'd11109ece5da13bb380dbd3e2ac30538') in 0.006547 seconds
Number of updated asset objects reloaded before import = 0
Number of asset objects unloaded after import = 2
========================================================================
Received Import Request.
  Time since last request: 0.000025 seconds.
  path: Assets/Obj/MWO_chest_latch.png
  artifactKey: Guid(4b55c67d4ce9f1e4dbad6d7916110094) Importer(815301076,1909f56bfc062723c751e8b465ee728b)
Start importing Assets/Obj/MWO_chest_latch.png using Guid(4b55c67d4ce9f1e4dbad6d7916110094) Importer(815301076,1909f56bfc062723c751e8b465ee728b)  -> (artifact id: '5a3c23b8e690b5c0a0120b88852e58b4') in 0.013202 seconds
Number of updated asset objects reloaded before import = 0
Number of asset objects unloaded after import = 2
========================================================================
Received Import Request.
  Time since last request: 0.000017 seconds.
  path: Assets/Obj/white_stained_glass.png
  artifactKey: Guid(6a2682defd2914d4388335fc5468af7b) Importer(815301076,1909f56bfc062723c751e8b465ee728b)
Start importing Assets/Obj/white_stained_glass.png using Guid(6a2682defd2914d4388335fc5468af7b) Importer(815301076,1909f56bfc062723c751e8b465ee728b)  -> (artifact id: '7c7af7dfd50d3cbc13d61d82b1a2bea1') in 0.007233 seconds
Number of updated asset objects reloaded before import = 0
Number of asset objects unloaded after import = 2
========================================================================
Received Import Request.
  Time since last request: 0.000016 seconds.
  path: Assets/Obj/iron_trapdoor.png
  artifactKey: Guid(ce79b6268c5b09c47b9155fb40caa5ec) Importer(815301076,1909f56bfc062723c751e8b465ee728b)
Start importing Assets/Obj/iron_trapdoor.png using Guid(ce79b6268c5b09c47b9155fb40caa5ec) Importer(815301076,1909f56bfc062723c751e8b465ee728b)  -> (artifact id: '8976738ceae04ecc6ab039ca56343f0d') in 0.007519 seconds
Number of updated asset objects reloaded before import = 0
Number of asset objects unloaded after import = 2
========================================================================
Received Import Request.
  Time since last request: 0.000039 seconds.
  path: Assets/Obj/spore_blossom_base.png
  artifactKey: Guid(b55d73447c735f347a9b01e83ec56f72) Importer(815301076,1909f56bfc062723c751e8b465ee728b)
Start importing Assets/Obj/spore_blossom_base.png using Guid(b55d73447c735f347a9b01e83ec56f72) Importer(815301076,1909f56bfc062723c751e8b465ee728b)  -> (artifact id: 'ff76aefc26ba1d8446b44a70bc346899') in 0.007360 seconds
Number of updated asset objects reloaded before import = 0
Number of asset objects unloaded after import = 2
========================================================================
Received Import Request.
  Time since last request: 0.000019 seconds.
  path: Assets/Obj/lectern_top.png
  artifactKey: Guid(7696df62f47a0bf499025dc32d11d516) Importer(815301076,1909f56bfc062723c751e8b465ee728b)
Start importing Assets/Obj/lectern_top.png using Guid(7696df62f47a0bf499025dc32d11d516) Importer(815301076,1909f56bfc062723c751e8b465ee728b)  -> (artifact id: 'd63776ffee232f4e67b2be4cea87382e') in 0.006983 seconds
Number of updated asset objects reloaded before import = 0
Number of asset objects unloaded after import = 2
========================================================================
Received Import Request.
  Time since last request: 0.000013 seconds.
  path: Assets/Obj/cauldron_side.png
  artifactKey: Guid(4c954ef569ab93a48b5621ee99b71e98) Importer(815301076,1909f56bfc062723c751e8b465ee728b)
Start importing Assets/Obj/cauldron_side.png using Guid(4c954ef569ab93a48b5621ee99b71e98) Importer(815301076,1909f56bfc062723c751e8b465ee728b)  -> (artifact id: 'cd41e7eb2e35f39fee23eb2ee76b1a80') in 0.006760 seconds
Number of updated asset objects reloaded before import = 0
Number of asset objects unloaded after import = 2
========================================================================
Received Import Request.
  Time since last request: 0.000030 seconds.
  path: Assets/Obj/grass_block_side_y.png
  artifactKey: Guid(6de56d29375de7a45898300d1023f8fc) Importer(815301076,1909f56bfc062723c751e8b465ee728b)
Start importing Assets/Obj/grass_block_side_y.png using Guid(6de56d29375de7a45898300d1023f8fc) Importer(815301076,1909f56bfc062723c751e8b465ee728b)  -> (artifact id: '0e9a64e67b7e72c1dece4c17cbfc0513') in 0.013323 seconds
Number of updated asset objects reloaded before import = 0
Number of asset objects unloaded after import = 2
========================================================================
Received Import Request.
  Time since last request: 0.000029 seconds.
  path: Assets/Obj/cauldron_top.png
  artifactKey: Guid(b73806bff82e36746a534e4a854c820b) Importer(815301076,1909f56bfc062723c751e8b465ee728b)
Start importing Assets/Obj/cauldron_top.png using Guid(b73806bff82e36746a534e4a854c820b) Importer(815301076,1909f56bfc062723c751e8b465ee728b)  -> (artifact id: 'c8a3ccafe35e0e666fd94e3b8417c1f0') in 0.008258 seconds
Number of updated asset objects reloaded before import = 0
Number of asset objects unloaded after import = 2
========================================================================
Received Import Request.
  Time since last request: 0.000039 seconds.
  path: Assets/Obj/barrel_side.png
  artifactKey: Guid(9f2dae222300c184896fc786ae969a56) Importer(815301076,1909f56bfc062723c751e8b465ee728b)
Start importing Assets/Obj/barrel_side.png using Guid(9f2dae222300c184896fc786ae969a56) Importer(815301076,1909f56bfc062723c751e8b465ee728b)  -> (artifact id: '718a758766e514a1c66dff8e945db1e9') in 0.009382 seconds
Number of updated asset objects reloaded before import = 0
Number of asset objects unloaded after import = 2
========================================================================
Received Import Request.
  Time since last request: 0.000016 seconds.
  path: Assets/Obj/water_still_y.png
  artifactKey: Guid(934c9eb37ff888b47b0a626d6915422b) Importer(815301076,1909f56bfc062723c751e8b465ee728b)
Start importing Assets/Obj/water_still_y.png using Guid(934c9eb37ff888b47b0a626d6915422b) Importer(815301076,1909f56bfc062723c751e8b465ee728b)  -> (artifact id: 'd66482b9e712242af36ffcc60db461d5') in 0.008313 seconds
Number of updated asset objects reloaded before import = 0
Number of asset objects unloaded after import = 2
========================================================================
Received Import Request.
  Time since last request: 0.000038 seconds.
  path: Assets/Obj/MWO_double_chest_front_right.png
  artifactKey: Guid(dd36f3b2eaf607a4794ff34fb7456171) Importer(815301076,1909f56bfc062723c751e8b465ee728b)
Start importing Assets/Obj/MWO_double_chest_front_right.png using Guid(dd36f3b2eaf607a4794ff34fb7456171) Importer(815301076,1909f56bfc062723c751e8b465ee728b)  -> (artifact id: 'b3a527f27c5d08c34745efcd3fe2608b') in 0.009986 seconds
Number of updated asset objects reloaded before import = 0
Number of asset objects unloaded after import = 2
========================================================================
Received Import Request.
  Time since last request: 0.000024 seconds.
  path: Assets/Obj/oak_log_top.png
  artifactKey: Guid(612483d984e1dc64e8967cfe8dd72c94) Importer(815301076,1909f56bfc062723c751e8b465ee728b)
Start importing Assets/Obj/oak_log_top.png using Guid(612483d984e1dc64e8967cfe8dd72c94) Importer(815301076,1909f56bfc062723c751e8b465ee728b)  -> (artifact id: '7f9359eaacc519a693d68115954c7e71') in 0.008431 seconds
Number of updated asset objects reloaded before import = 0
Number of asset objects unloaded after import = 2
========================================================================
Received Import Request.
  Time since last request: 0.000020 seconds.
  path: Assets/Obj/brewing_stand.png
  artifactKey: Guid(0c947bb186e49e749a9fd21596035909) Importer(815301076,1909f56bfc062723c751e8b465ee728b)
Start importing Assets/Obj/brewing_stand.png using Guid(0c947bb186e49e749a9fd21596035909) Importer(815301076,1909f56bfc062723c751e8b465ee728b)  -> (artifact id: 'de961bfb8ac8f38f9aaa6411ddad047a') in 0.011491 seconds
Number of updated asset objects reloaded before import = 0
Number of asset objects unloaded after import = 2
========================================================================
Received Import Request.
  Time since last request: 0.000015 seconds.
  path: Assets/Obj/crafting_table_side.png
  artifactKey: Guid(af629f8f9d63f004d95e8cc2c44dd1e4) Importer(815301076,1909f56bfc062723c751e8b465ee728b)
Start importing Assets/Obj/crafting_table_side.png using Guid(af629f8f9d63f004d95e8cc2c44dd1e4) Importer(815301076,1909f56bfc062723c751e8b465ee728b)  -> (artifact id: '05688a10b732d5a2affd58d409032024') in 0.007110 seconds
Number of updated asset objects reloaded before import = 0
Number of asset objects unloaded after import = 2
========================================================================
Received Import Request.
  Time since last request: 0.000023 seconds.
  path: Assets/Obj/flower_pot.png
  artifactKey: Guid(1bccbd8013dd8ff4ebcedcaaa35ba0b7) Importer(815301076,1909f56bfc062723c751e8b465ee728b)
Start importing Assets/Obj/flower_pot.png using Guid(1bccbd8013dd8ff4ebcedcaaa35ba0b7) Importer(815301076,1909f56bfc062723c751e8b465ee728b)  -> (artifact id: '5e93ea70cd926820ecbeb1bc554d0953') in 0.009026 seconds
Number of updated asset objects reloaded before import = 0
Number of asset objects unloaded after import = 2
========================================================================
Received Import Request.
  Time since last request: 0.000014 seconds.
  path: Assets/Obj/MWO_double_chest_back_right.png
  artifactKey: Guid(83f648c4f3ccfb840be74e27f5f24438) Importer(815301076,1909f56bfc062723c751e8b465ee728b)
Start importing Assets/Obj/MWO_double_chest_back_right.png using Guid(83f648c4f3ccfb840be74e27f5f24438) Importer(815301076,1909f56bfc062723c751e8b465ee728b)  -> (artifact id: 'b61a6cf8eaa99291e71607763ac312d0') in 0.007683 seconds
Number of updated asset objects reloaded before import = 0
Number of asset objects unloaded after import = 2
========================================================================
Received Import Request.
  Time since last request: 0.000032 seconds.
  path: Assets/Obj/flowering_azalea_side.png
  artifactKey: Guid(62d1d72b61c0a61418e00adb18279a49) Importer(815301076,1909f56bfc062723c751e8b465ee728b)
Start importing Assets/Obj/flowering_azalea_side.png using Guid(62d1d72b61c0a61418e00adb18279a49) Importer(815301076,1909f56bfc062723c751e8b465ee728b)  -> (artifact id: '21e043d581fbff1471db5256d808d384') in 0.006527 seconds
Number of updated asset objects reloaded before import = 0
Number of asset objects unloaded after import = 2
========================================================================
Received Import Request.
  Time since last request: 0.000020 seconds.
  path: Assets/Obj/blue_candle_lit.png
  artifactKey: Guid(08d959743698ee845becdec6534185a1) Importer(815301076,1909f56bfc062723c751e8b465ee728b)
Start importing Assets/Obj/blue_candle_lit.png using Guid(08d959743698ee845becdec6534185a1) Importer(815301076,1909f56bfc062723c751e8b465ee728b)  -> (artifact id: 'dd5aca0590d87157fec71970160deaa6') in 0.006685 seconds
Number of updated asset objects reloaded before import = 0
Number of asset objects unloaded after import = 2
========================================================================
Received Import Request.
  Time since last request: 0.000026 seconds.
  path: Assets/Obj/hopper_outside.png
  artifactKey: Guid(97dce5e0eb8b39c46841959ad7ecb956) Importer(815301076,1909f56bfc062723c751e8b465ee728b)
Start importing Assets/Obj/hopper_outside.png using Guid(97dce5e0eb8b39c46841959ad7ecb956) Importer(815301076,1909f56bfc062723c751e8b465ee728b)  -> (artifact id: 'ce7c555dee38238d82f417fdfaccb010') in 0.006488 seconds
Number of updated asset objects reloaded before import = 0
Number of asset objects unloaded after import = 2
========================================================================
Received Import Request.
  Time since last request: 0.000018 seconds.
  path: Assets/Obj/hopper_inside.png
  artifactKey: Guid(326221b9e67097041b9efc410c7f2b74) Importer(815301076,1909f56bfc062723c751e8b465ee728b)
Start importing Assets/Obj/hopper_inside.png using Guid(326221b9e67097041b9efc410c7f2b74) Importer(815301076,1909f56bfc062723c751e8b465ee728b)  -> (artifact id: '68e285023c5338a2c6492801b4e6807f') in 0.011346 seconds
Number of updated asset objects reloaded before import = 0
Number of asset objects unloaded after import = 2
========================================================================
Received Import Request.
  Time since last request: 0.000031 seconds.
  path: Assets/Obj/MWO_redstone_dust_three_way_off.png
  artifactKey: Guid(ad246bc5dcc35d14b8842ad3f6d9eb5d) Importer(815301076,1909f56bfc062723c751e8b465ee728b)
Start importing Assets/Obj/MWO_redstone_dust_three_way_off.png using Guid(ad246bc5dcc35d14b8842ad3f6d9eb5d) Importer(815301076,1909f56bfc062723c751e8b465ee728b)  -> (artifact id: 'dc1b5c32a4add1b5e0ec42e97ce01e08') in 0.007744 seconds
Number of updated asset objects reloaded before import = 0
Number of asset objects unloaded after import = 2
========================================================================
Received Import Request.
  Time since last request: 0.000033 seconds.
  path: Assets/Obj/white_wool.png
  artifactKey: Guid(e185d9d919440f3489c7a84ad1b3b7ce) Importer(815301076,1909f56bfc062723c751e8b465ee728b)
Start importing Assets/Obj/white_wool.png using Guid(e185d9d919440f3489c7a84ad1b3b7ce) Importer(815301076,1909f56bfc062723c751e8b465ee728b)  -> (artifact id: 'c58ff1223ca75873bfb8fa57a8f7de5a') in 0.007572 seconds
Number of updated asset objects reloaded before import = 0
Number of asset objects unloaded after import = 2
========================================================================
Received Import Request.
  Time since last request: 0.000022 seconds.
  path: Assets/Obj/oak_door_top.png
  artifactKey: Guid(0d54281185a802b4abb748a192f5dbd2) Importer(815301076,1909f56bfc062723c751e8b465ee728b)
Start importing Assets/Obj/oak_door_top.png using Guid(0d54281185a802b4abb748a192f5dbd2) Importer(815301076,1909f56bfc062723c751e8b465ee728b)  -> (artifact id: '4de1b80930377e7b37e03b51ae1c2213') in 0.007204 seconds
Number of updated asset objects reloaded before import = 0
Number of asset objects unloaded after import = 2
========================================================================
Received Import Request.
  Time since last request: 0.000022 seconds.
  path: Assets/Obj/andesite.png
  artifactKey: Guid(c71a8ca3fdd78e844a1f298b6bb01f47) Importer(815301076,1909f56bfc062723c751e8b465ee728b)
Start importing Assets/Obj/andesite.png using Guid(c71a8ca3fdd78e844a1f298b6bb01f47) Importer(815301076,1909f56bfc062723c751e8b465ee728b)  -> (artifact id: 'c149c26336200edccec9a0b1abceb56f') in 0.009617 seconds
Number of updated asset objects reloaded before import = 0
Number of asset objects unloaded after import = 2
========================================================================
Received Import Request.
  Time since last request: 0.000017 seconds.
  path: Assets/Obj/tall_grass_top_y.png
  artifactKey: Guid(2dfcd3dc3715eda4c89d66de2de0193e) Importer(815301076,1909f56bfc062723c751e8b465ee728b)
Start importing Assets/Obj/tall_grass_top_y.png using Guid(2dfcd3dc3715eda4c89d66de2de0193e) Importer(815301076,1909f56bfc062723c751e8b465ee728b)  -> (artifact id: '4fa771091a50dd45ca3532115089c2b3') in 0.007598 seconds
Number of updated asset objects reloaded before import = 0
Number of asset objects unloaded after import = 2
========================================================================
Received Import Request.
  Time since last request: 0.000024 seconds.
  path: Assets/Obj/MWO_double_chest_top_right.png
  artifactKey: Guid(e6c0f41d8c5590d4eadcf0742442c6cb) Importer(815301076,1909f56bfc062723c751e8b465ee728b)
Start importing Assets/Obj/MWO_double_chest_top_right.png using Guid(e6c0f41d8c5590d4eadcf0742442c6cb) Importer(815301076,1909f56bfc062723c751e8b465ee728b)  -> (artifact id: '0fd7becf814773508398af740066bdf7') in 0.009528 seconds
Number of updated asset objects reloaded before import = 0
Number of asset objects unloaded after import = 2
========================================================================
Received Import Request.
  Time since last request: 0.000026 seconds.
  path: Assets/Obj/campfire_log.png
  artifactKey: Guid(feb36766f50a0a547904a53be1e8c546) Importer(815301076,1909f56bfc062723c751e8b465ee728b)
Start importing Assets/Obj/campfire_log.png using Guid(feb36766f50a0a547904a53be1e8c546) Importer(815301076,1909f56bfc062723c751e8b465ee728b)  -> (artifact id: 'ec56e2034c142a4e68c3198fb1fef897') in 0.007343 seconds
Number of updated asset objects reloaded before import = 0
Number of asset objects unloaded after import = 2
========================================================================
Received Import Request.
  Time since last request: 0.000026 seconds.
  path: Assets/Obj/birch_log.png
  artifactKey: Guid(db296234a0236514d8073bc685c454af) Importer(815301076,1909f56bfc062723c751e8b465ee728b)
Start importing Assets/Obj/birch_log.png using Guid(db296234a0236514d8073bc685c454af) Importer(815301076,1909f56bfc062723c751e8b465ee728b)  -> (artifact id: '8b69f5355b0bfb9bd7f48365061ff29d') in 0.010241 seconds
Number of updated asset objects reloaded before import = 0
Number of asset objects unloaded after import = 2
========================================================================
Received Import Request.
  Time since last request: 0.000017 seconds.
  path: Assets/Obj/repeater.png
  artifactKey: Guid(06df9e930c02e7e478ec47276c139791) Importer(815301076,1909f56bfc062723c751e8b465ee728b)
Start importing Assets/Obj/repeater.png using Guid(06df9e930c02e7e478ec47276c139791) Importer(815301076,1909f56bfc062723c751e8b465ee728b)  -> (artifact id: 'd6f4702820fbf30bc35428b4dafdc3bb') in 0.006990 seconds
Number of updated asset objects reloaded before import = 0
Number of asset objects unloaded after import = 2
========================================================================
Received Import Request.
  Time since last request: 0.000018 seconds.
  path: Assets/Obj/smoker_side.png
  artifactKey: Guid(3bb8fc7efc7dfaa4badeae6a04747b26) Importer(815301076,1909f56bfc062723c751e8b465ee728b)
Start importing Assets/Obj/smoker_side.png using Guid(3bb8fc7efc7dfaa4badeae6a04747b26) Importer(815301076,1909f56bfc062723c751e8b465ee728b)  -> (artifact id: '4aef36a27bac889f8cdacb3135ece7f6') in 0.009450 seconds
Number of updated asset objects reloaded before import = 0
Number of asset objects unloaded after import = 2
========================================================================
Received Import Request.
  Time since last request: 0.000033 seconds.
  path: Assets/Obj/anvil.png
  artifactKey: Guid(d2384e07753e1be4caaf1ccec3a3deb4) Importer(815301076,1909f56bfc062723c751e8b465ee728b)
Start importing Assets/Obj/anvil.png using Guid(d2384e07753e1be4caaf1ccec3a3deb4) Importer(815301076,1909f56bfc062723c751e8b465ee728b)  -> (artifact id: 'a760831b267d32db677683348d119b3f') in 0.008595 seconds
Number of updated asset objects reloaded before import = 0
Number of asset objects unloaded after import = 2
========================================================================
Received Import Request.
  Time since last request: 0.000030 seconds.
  path: Assets/Obj/furnace_side.png
  artifactKey: Guid(115e06ac6ebd086458862d8a0579a5d8) Importer(815301076,1909f56bfc062723c751e8b465ee728b)
Start importing Assets/Obj/furnace_side.png using Guid(115e06ac6ebd086458862d8a0579a5d8) Importer(815301076,1909f56bfc062723c751e8b465ee728b)  -> (artifact id: '15d9f33b391f7efd4f40dc25e88d56b2') in 0.007374 seconds
Number of updated asset objects reloaded before import = 0
Number of asset objects unloaded after import = 2
========================================================================
Received Import Request.
  Time since last request: 0.000017 seconds.
  path: Assets/Obj/redstone_dust_line0_y.png
  artifactKey: Guid(be035e6a149ca354384124a3bc39dbdf) Importer(815301076,1909f56bfc062723c751e8b465ee728b)
Start importing Assets/Obj/redstone_dust_line0_y.png using Guid(be035e6a149ca354384124a3bc39dbdf) Importer(815301076,1909f56bfc062723c751e8b465ee728b)  -> (artifact id: 'fee17881b924667d3619897c966a5e88') in 0.016005 seconds
Number of updated asset objects reloaded before import = 0
Number of asset objects unloaded after import = 2
========================================================================
Received Import Request.
  Time since last request: 0.000020 seconds.
  path: Assets/Obj/spruce_leaves_y.png
  artifactKey: Guid(9f722b72110ea1d4393d69737087d1cf) Importer(815301076,1909f56bfc062723c751e8b465ee728b)
Start importing Assets/Obj/spruce_leaves_y.png using Guid(9f722b72110ea1d4393d69737087d1cf) Importer(815301076,1909f56bfc062723c751e8b465ee728b)  -> (artifact id: '709060276a36a1f338510d24d71415b8') in 0.015362 seconds
Number of updated asset objects reloaded before import = 0
Number of asset objects unloaded after import = 2
========================================================================
Received Import Request.
  Time since last request: 0.000020 seconds.
  path: Assets/Obj/stripped_oak_log_top.png
  artifactKey: Guid(eb42bcd414a41d34cb7119175e235004) Importer(815301076,1909f56bfc062723c751e8b465ee728b)
Start importing Assets/Obj/stripped_oak_log_top.png using Guid(eb42bcd414a41d34cb7119175e235004) Importer(815301076,1909f56bfc062723c751e8b465ee728b)  -> (artifact id: '2cda7b936a9038a2f182b6fb46799867') in 0.012910 seconds
Number of updated asset objects reloaded before import = 0
Number of asset objects unloaded after import = 2
========================================================================
Received Import Request.
  Time since last request: 0.000018 seconds.
  path: Assets/Obj/coarse_dirt.png
  artifactKey: Guid(d15bccbefde7c00448986b0c92508e60) Importer(815301076,1909f56bfc062723c751e8b465ee728b)
Start importing Assets/Obj/coarse_dirt.png using Guid(d15bccbefde7c00448986b0c92508e60) Importer(815301076,1909f56bfc062723c751e8b465ee728b)  -> (artifact id: '17b40159458f3c23eddfd44a58e09f30') in 0.007679 seconds
Number of updated asset objects reloaded before import = 0
Number of asset objects unloaded after import = 2
========================================================================
Received Import Request.
  Time since last request: 0.000021 seconds.
  path: Assets/Obj/oak_log.png
  artifactKey: Guid(2dcc2d6d0bb6803448da84fdb408f7a1) Importer(815301076,1909f56bfc062723c751e8b465ee728b)
Start importing Assets/Obj/oak_log.png using Guid(2dcc2d6d0bb6803448da84fdb408f7a1) Importer(815301076,1909f56bfc062723c751e8b465ee728b)  -> (artifact id: '08cef957cedfb657cb0937f5d5d7e356') in 0.008390 seconds
Number of updated asset objects reloaded before import = 0
Number of asset objects unloaded after import = 2
========================================================================
Received Import Request.
  Time since last request: 0.000018 seconds.
  path: Assets/Obj/MWO_double_chest_front_left.png
  artifactKey: Guid(3fa303b14be95024c9f96402b3cbe8a6) Importer(815301076,1909f56bfc062723c751e8b465ee728b)
Start importing Assets/Obj/MWO_double_chest_front_left.png using Guid(3fa303b14be95024c9f96402b3cbe8a6) Importer(815301076,1909f56bfc062723c751e8b465ee728b)  -> (artifact id: '04110127f51cb09e0dfb9ce74bec4df3') in 0.009489 seconds
Number of updated asset objects reloaded before import = 0
Number of asset objects unloaded after import = 2
========================================================================
Received Import Request.
  Time since last request: 0.000023 seconds.
  path: Assets/Obj/chipped_anvil_top.png
  artifactKey: Guid(ad93402b3ef565b4fa76a839ebf1d21d) Importer(815301076,1909f56bfc062723c751e8b465ee728b)
Start importing Assets/Obj/chipped_anvil_top.png using Guid(ad93402b3ef565b4fa76a839ebf1d21d) Importer(815301076,1909f56bfc062723c751e8b465ee728b)  -> (artifact id: '750a930eae871fc84e0801e01a3066e5') in 0.006837 seconds
Number of updated asset objects reloaded before import = 0
Number of asset objects unloaded after import = 2
========================================================================
Received Import Request.
  Time since last request: 0.000021 seconds.
  path: Assets/Obj/mossy_cobblestone.png
  artifactKey: Guid(d2afaf0898321b44dbbb99779a4a7cdb) Importer(815301076,1909f56bfc062723c751e8b465ee728b)
Start importing Assets/Obj/mossy_cobblestone.png using Guid(d2afaf0898321b44dbbb99779a4a7cdb) Importer(815301076,1909f56bfc062723c751e8b465ee728b)  -> (artifact id: '4226a7f6dd00c0577977f64dc373245a') in 0.015202 seconds
Number of updated asset objects reloaded before import = 0
Number of asset objects unloaded after import = 2
========================================================================
Received Import Request.
  Time since last request: 0.000021 seconds.
  path: Assets/Obj/redstone_torch.png
  artifactKey: Guid(38b313e352199984ebc3db8765edd772) Importer(815301076,1909f56bfc062723c751e8b465ee728b)
Start importing Assets/Obj/redstone_torch.png using Guid(38b313e352199984ebc3db8765edd772) Importer(815301076,1909f56bfc062723c751e8b465ee728b)  -> (artifact id: '99ce9a6a9ca999746fe233aa14889262') in 0.014680 seconds
Number of updated asset objects reloaded before import = 0
Number of asset objects unloaded after import = 2
========================================================================
Received Import Request.
  Time since last request: 0.000022 seconds.
  path: Assets/Obj/poppy.png
  artifactKey: Guid(9588b408d3ee74b40b7b4815ad30746a) Importer(815301076,1909f56bfc062723c751e8b465ee728b)
Start importing Assets/Obj/poppy.png using Guid(9588b408d3ee74b40b7b4815ad30746a) Importer(815301076,1909f56bfc062723c751e8b465ee728b)  -> (artifact id: '2eee4185825e8b24ea7aaca32bb57991') in 0.009233 seconds
Number of updated asset objects reloaded before import = 0
Number of asset objects unloaded after import = 2
========================================================================
Received Import Request.
  Time since last request: 0.000031 seconds.
  path: Assets/Obj/dirt.png
  artifactKey: Guid(6809e48112d5ba94cac84f549c54e112) Importer(815301076,1909f56bfc062723c751e8b465ee728b)
Start importing Assets/Obj/dirt.png using Guid(6809e48112d5ba94cac84f549c54e112) Importer(815301076,1909f56bfc062723c751e8b465ee728b)  -> (artifact id: 'd16900047241ee0f9de4905924969d1e') in 0.009024 seconds
Number of updated asset objects reloaded before import = 0
Number of asset objects unloaded after import = 2
========================================================================
Received Import Request.
  Time since last request: 0.000017 seconds.
  path: Assets/Obj/MWO_chest_side.png
  artifactKey: Guid(61cc52a975e5c0f43823edde344219f3) Importer(815301076,1909f56bfc062723c751e8b465ee728b)
Start importing Assets/Obj/MWO_chest_side.png using Guid(61cc52a975e5c0f43823edde344219f3) Importer(815301076,1909f56bfc062723c751e8b465ee728b)  -> (artifact id: 'd48bd2cff7c0453e0955cee3f7fb983d') in 0.013001 seconds
Number of updated asset objects reloaded before import = 0
Number of asset objects unloaded after import = 2
========================================================================
Received Import Request.
  Time since last request: 0.000022 seconds.
  path: Assets/Obj/campfire_log_lit.png
  artifactKey: Guid(54f1938b438e08b488e91519ad3d0c1f) Importer(815301076,1909f56bfc062723c751e8b465ee728b)
Start importing Assets/Obj/campfire_log_lit.png using Guid(54f1938b438e08b488e91519ad3d0c1f) Importer(815301076,1909f56bfc062723c751e8b465ee728b)  -> (artifact id: 'e673c0c2a32120042a2c1efc2e187d37') in 0.008964 seconds
Number of updated asset objects reloaded before import = 0
Number of asset objects unloaded after import = 2
========================================================================
Received Import Request.
  Time since last request: 0.000020 seconds.
  path: Assets/Obj/comparator.png
  artifactKey: Guid(4dd23cc35db69764ea8522ce4d988f0e) Importer(815301076,1909f56bfc062723c751e8b465ee728b)
Start importing Assets/Obj/comparator.png using Guid(4dd23cc35db69764ea8522ce4d988f0e) Importer(815301076,1909f56bfc062723c751e8b465ee728b)  -> (artifact id: '2fb9724b9f59a437410591caeddf684b') in 0.007437 seconds
Number of updated asset objects reloaded before import = 0
Number of asset objects unloaded after import = 2
========================================================================
Received Import Request.
  Time since last request: 0.000034 seconds.
  path: Assets/Obj/piston_side.png
  artifactKey: Guid(46cd08b81d4fa3047b4f280a8f7ced5d) Importer(815301076,1909f56bfc062723c751e8b465ee728b)
Start importing Assets/Obj/piston_side.png using Guid(46cd08b81d4fa3047b4f280a8f7ced5d) Importer(815301076,1909f56bfc062723c751e8b465ee728b)  -> (artifact id: '2ee3094247b25021b58dcf2e739158a1') in 0.007964 seconds
Number of updated asset objects reloaded before import = 0
Number of asset objects unloaded after import = 2
========================================================================
Received Import Request.
  Time since last request: 0.000023 seconds.
  path: Assets/Obj/comparator_on.png
  artifactKey: Guid(c4af1a949c98952499cde56caacc8767) Importer(815301076,1909f56bfc062723c751e8b465ee728b)
Start importing Assets/Obj/comparator_on.png using Guid(c4af1a949c98952499cde56caacc8767) Importer(815301076,1909f56bfc062723c751e8b465ee728b)  -> (artifact id: '2cd894603ac8277301af9a57d17ac584') in 0.007578 seconds
Number of updated asset objects reloaded before import = 0
Number of asset objects unloaded after import = 2
========================================================================
Received Import Request.
  Time since last request: 0.000014 seconds.
  path: Assets/Obj/oak_door_bottom.png
  artifactKey: Guid(7a99ad40608efc545aa82046ea8ed116) Importer(815301076,1909f56bfc062723c751e8b465ee728b)
Start importing Assets/Obj/oak_door_bottom.png using Guid(7a99ad40608efc545aa82046ea8ed116) Importer(815301076,1909f56bfc062723c751e8b465ee728b)  -> (artifact id: 'bece0f5635532a9d476ecf9b59827a1d') in 0.010495 seconds
Number of updated asset objects reloaded before import = 0
Number of asset objects unloaded after import = 2
========================================================================
Received Import Request.
  Time since last request: 0.000024 seconds.
  path: Assets/Obj/moss_block.png
  artifactKey: Guid(b9038165c50c87648917ea34ac396276) Importer(815301076,1909f56bfc062723c751e8b465ee728b)
Start importing Assets/Obj/moss_block.png using Guid(b9038165c50c87648917ea34ac396276) Importer(815301076,1909f56bfc062723c751e8b465ee728b)  -> (artifact id: 'af1411d872eaf0ee9dcea6c66e83da95') in 0.006795 seconds
Number of updated asset objects reloaded before import = 0
Number of asset objects unloaded after import = 2
========================================================================
Received Import Request.
  Time since last request: 0.000025 seconds.
  path: Assets/Obj/MWO_chest_front.png
  artifactKey: Guid(17fdcb72ed3666841b6d44f9ad91748b) Importer(815301076,1909f56bfc062723c751e8b465ee728b)
Start importing Assets/Obj/MWO_chest_front.png using Guid(17fdcb72ed3666841b6d44f9ad91748b) Importer(815301076,1909f56bfc062723c751e8b465ee728b)  -> (artifact id: '540705253a252c535f1600f237cf92de') in 0.008029 seconds
Number of updated asset objects reloaded before import = 0
Number of asset objects unloaded after import = 2
========================================================================
Received Import Request.
  Time since last request: 0.000028 seconds.
  path: Assets/Obj/stripped_oak_log.png
  artifactKey: Guid(58c5872d597032740b71866665e12e93) Importer(815301076,1909f56bfc062723c751e8b465ee728b)
Start importing Assets/Obj/stripped_oak_log.png using Guid(58c5872d597032740b71866665e12e93) Importer(815301076,1909f56bfc062723c751e8b465ee728b)  -> (artifact id: 'b22ec3505fd8c6383eb1610a004dd3dd') in 0.007196 seconds
Number of updated asset objects reloaded before import = 0
Number of asset objects unloaded after import = 2
========================================================================
Received Import Request.
  Time since last request: 0.000030 seconds.
  path: Assets/Obj/glass_pane_top.png
  artifactKey: Guid(1c9f5f4d645029c45b13fd5d4e9815ba) Importer(815301076,1909f56bfc062723c751e8b465ee728b)
Start importing Assets/Obj/glass_pane_top.png using Guid(1c9f5f4d645029c45b13fd5d4e9815ba) Importer(815301076,1909f56bfc062723c751e8b465ee728b)  -> (artifact id: '70bf33ba85839534002594f1d069f299') in 0.010134 seconds
Number of updated asset objects reloaded before import = 0
Number of asset objects unloaded after import = 2
========================================================================
Received Import Request.
  Time since last request: 0.000027 seconds.
  path: Assets/Obj/MWO_double_chest_top_left.png
  artifactKey: Guid(73244478bfdb97849af4859e0739f829) Importer(815301076,1909f56bfc062723c751e8b465ee728b)
Start importing Assets/Obj/MWO_double_chest_top_left.png using Guid(73244478bfdb97849af4859e0739f829) Importer(815301076,1909f56bfc062723c751e8b465ee728b)  -> (artifact id: '709f4e04383d6b3f4b7251a5987dcc73') in 0.006578 seconds
Number of updated asset objects reloaded before import = 0
Number of asset objects unloaded after import = 2
========================================================================
Received Import Request.
  Time since last request: 0.000026 seconds.
  path: Assets/Obj/smoker_front.png
  artifactKey: Guid(fc6fa693b38c71a4c8e35e516f2d8413) Importer(815301076,1909f56bfc062723c751e8b465ee728b)
Start importing Assets/Obj/smoker_front.png using Guid(fc6fa693b38c71a4c8e35e516f2d8413) Importer(815301076,1909f56bfc062723c751e8b465ee728b)  -> (artifact id: 'df6356fd8ef12edaf9ad500c68bc4a1b') in 0.012783 seconds
Number of updated asset objects reloaded before import = 0
Number of asset objects unloaded after import = 2
========================================================================
Received Import Request.
  Time since last request: 0.000025 seconds.
  path: Assets/Obj/ladder.png
  artifactKey: Guid(4cece5946a4be8c4fa908fcc33982ddd) Importer(815301076,1909f56bfc062723c751e8b465ee728b)
Start importing Assets/Obj/ladder.png using Guid(4cece5946a4be8c4fa908fcc33982ddd) Importer(815301076,1909f56bfc062723c751e8b465ee728b)  -> (artifact id: 'a5d6a8472fff0d47c9ea13dacea2b97e') in 0.009865 seconds
Number of updated asset objects reloaded before import = 0
Number of asset objects unloaded after import = 2
========================================================================
Received Import Request.
  Time since last request: 0.000018 seconds.
  path: Assets/Obj/MWO_redstone_dust_line1_off.png
  artifactKey: Guid(f7b6f683f810e8a479ca15ec92d106ca) Importer(815301076,1909f56bfc062723c751e8b465ee728b)
Start importing Assets/Obj/MWO_redstone_dust_line1_off.png using Guid(f7b6f683f810e8a479ca15ec92d106ca) Importer(815301076,1909f56bfc062723c751e8b465ee728b)  -> (artifact id: '7a5ff61ff20007e90366f5c8bb44be49') in 0.008549 seconds
Number of updated asset objects reloaded before import = 0
Number of asset objects unloaded after import = 2
========================================================================
Received Import Request.
  Time since last request: 0.000023 seconds.
  path: Assets/Obj/spruce_log.png
  artifactKey: Guid(25553ddc73a741c47afc2815b16df5bf) Importer(815301076,1909f56bfc062723c751e8b465ee728b)
Start importing Assets/Obj/spruce_log.png using Guid(25553ddc73a741c47afc2815b16df5bf) Importer(815301076,1909f56bfc062723c751e8b465ee728b)  -> (artifact id: '9a6f08c4de62e020ba027bb6cce32178') in 0.011598 seconds
Number of updated asset objects reloaded before import = 0
Number of asset objects unloaded after import = 2
========================================================================
Received Import Request.
  Time since last request: 0.000022 seconds.
  path: Assets/Obj/lectern_base.png
  artifactKey: Guid(a344bb136b7bad940a8578e3be36677f) Importer(815301076,1909f56bfc062723c751e8b465ee728b)
Start importing Assets/Obj/lectern_base.png using Guid(a344bb136b7bad940a8578e3be36677f) Importer(815301076,1909f56bfc062723c751e8b465ee728b)  -> (artifact id: '95afb830e938eb9c85ecb8f74aa059a9') in 0.009222 seconds
Number of updated asset objects reloaded before import = 0
Number of asset objects unloaded after import = 2
========================================================================
Received Import Request.
  Time since last request: 0.000025 seconds.
  path: Assets/Obj/flowering_azalea_top.png
  artifactKey: Guid(6376c728088c964478e607743b9a0fc4) Importer(815301076,1909f56bfc062723c751e8b465ee728b)
Start importing Assets/Obj/flowering_azalea_top.png using Guid(6376c728088c964478e607743b9a0fc4) Importer(815301076,1909f56bfc062723c751e8b465ee728b)  -> (artifact id: '3f9546abfc67295dd96b1505d8f47e76') in 0.009858 seconds
Number of updated asset objects reloaded before import = 0
Number of asset objects unloaded after import = 2
========================================================================
Received Import Request.
  Time since last request: 0.000021 seconds.
  path: Assets/Obj/smoker_top.png
  artifactKey: Guid(78fc7ea6b03081446be27835b81a74b0) Importer(815301076,1909f56bfc062723c751e8b465ee728b)
Start importing Assets/Obj/smoker_top.png using Guid(78fc7ea6b03081446be27835b81a74b0) Importer(815301076,1909f56bfc062723c751e8b465ee728b)  -> (artifact id: '5becf6ccc87da22d0f49a2c7867190c6') in 0.011786 seconds
Number of updated asset objects reloaded before import = 0
Number of asset objects unloaded after import = 2
========================================================================
Received Import Request.
  Time since last request: 0.000022 seconds.
  path: Assets/Obj/spruce_log_top.png
  artifactKey: Guid(21f1b599621eb864f8354a04bc98b7e2) Importer(815301076,1909f56bfc062723c751e8b465ee728b)
Start importing Assets/Obj/spruce_log_top.png using Guid(21f1b599621eb864f8354a04bc98b7e2) Importer(815301076,1909f56bfc062723c751e8b465ee728b)  -> (artifact id: 'c04951ba3559e427b7f466fc68b846ab') in 0.008632 seconds
Number of updated asset objects reloaded before import = 0
Number of asset objects unloaded after import = 2
========================================================================
Received Import Request.
  Time since last request: 0.000021 seconds.
  path: Assets/Obj/dirt_path_side.png
  artifactKey: Guid(d492e2c9ac988b04c815a29fbd38a8b3) Importer(815301076,1909f56bfc062723c751e8b465ee728b)
Start importing Assets/Obj/dirt_path_side.png using Guid(d492e2c9ac988b04c815a29fbd38a8b3) Importer(815301076,1909f56bfc062723c751e8b465ee728b)  -> (artifact id: '5b33f2d29de43d88ab73cc6d01130837') in 0.009876 seconds
Number of updated asset objects reloaded before import = 0
Number of asset objects unloaded after import = 2
========================================================================
Received Import Request.
  Time since last request: 0.000018 seconds.
  path: Assets/Obj/cobblestone.png
  artifactKey: Guid(1f38622576d15f942946c35eadd863e6) Importer(815301076,1909f56bfc062723c751e8b465ee728b)
Start importing Assets/Obj/cobblestone.png using Guid(1f38622576d15f942946c35eadd863e6) Importer(815301076,1909f56bfc062723c751e8b465ee728b)  -> (artifact id: 'ae8c61bd7c9eda0516d67fea187fb3f2') in 0.008692 seconds
Number of updated asset objects reloaded before import = 0
Number of asset objects unloaded after import = 2
========================================================================
Received Import Request.
  Time since last request: 0.000034 seconds.
  path: Assets/Obj/dirt_path_top.png
  artifactKey: Guid(4d57e0e4b67752142a6db643cd1a1059) Importer(815301076,1909f56bfc062723c751e8b465ee728b)
Start importing Assets/Obj/dirt_path_top.png using Guid(4d57e0e4b67752142a6db643cd1a1059) Importer(815301076,1909f56bfc062723c751e8b465ee728b)  -> (artifact id: 'df1b4d2d38f5afcfeca921e665aab17a') in 0.007707 seconds
Number of updated asset objects reloaded before import = 0
Number of asset objects unloaded after import = 2
========================================================================
Received Import Request.
  Time since last request: 0.000024 seconds.
  path: Assets/Obj/water_flow_y.png
  artifactKey: Guid(f5a8a4dc7f014b048b736fc9f56ee299) Importer(815301076,1909f56bfc062723c751e8b465ee728b)
Start importing Assets/Obj/water_flow_y.png using Guid(f5a8a4dc7f014b048b736fc9f56ee299) Importer(815301076,1909f56bfc062723c751e8b465ee728b)  -> (artifact id: 'cf5ecf70c7dffc0badbd8c19de312bfc') in 0.007412 seconds
Number of updated asset objects reloaded before import = 0
Number of asset objects unloaded after import = 2
========================================================================
Received Import Request.
  Time since last request: 0.000021 seconds.
  path: Assets/Obj/stone.png
  artifactKey: Guid(41afd9a5a5c9b804abef58f0d8fdaef5) Importer(815301076,1909f56bfc062723c751e8b465ee728b)
Start importing Assets/Obj/stone.png using Guid(41afd9a5a5c9b804abef58f0d8fdaef5) Importer(815301076,1909f56bfc062723c751e8b465ee728b)  -> (artifact id: '7cda48e9a3f2e9c0dbc2ae029e3d55a6') in 0.007337 seconds
Number of updated asset objects reloaded before import = 0
Number of asset objects unloaded after import = 2
========================================================================
Received Import Request.
  Time since last request: 0.000029 seconds.
  path: Assets/Obj/smoker_bottom.png
  artifactKey: Guid(bf98a7e8a96a7a64089c9dbeded3452c) Importer(815301076,1909f56bfc062723c751e8b465ee728b)
Start importing Assets/Obj/smoker_bottom.png using Guid(bf98a7e8a96a7a64089c9dbeded3452c) Importer(815301076,1909f56bfc062723c751e8b465ee728b)  -> (artifact id: 'b1096c12deb646938e1128f680beb773') in 0.007715 seconds
Number of updated asset objects reloaded before import = 0
Number of asset objects unloaded after import = 2
========================================================================
Received Import Request.
  Time since last request: 0.000025 seconds.
  path: Assets/Obj/black_concrete.png
  artifactKey: Guid(e172bbd066cc42b41ae53e99b78bc8d0) Importer(815301076,1909f56bfc062723c751e8b465ee728b)
Start importing Assets/Obj/black_concrete.png using Guid(e172bbd066cc42b41ae53e99b78bc8d0) Importer(815301076,1909f56bfc062723c751e8b465ee728b)  -> (artifact id: '1e14124cb08d783b129c4458acfe42be') in 0.011591 seconds
Number of updated asset objects reloaded before import = 0
Number of asset objects unloaded after import = 2
========================================================================
Received Import Request.
  Time since last request: 0.000021 seconds.
  path: Assets/Obj/granite.png
  artifactKey: Guid(5d79eb0b89a3ae14ba848305b287fc3f) Importer(815301076,1909f56bfc062723c751e8b465ee728b)
Start importing Assets/Obj/granite.png using Guid(5d79eb0b89a3ae14ba848305b287fc3f) Importer(815301076,1909f56bfc062723c751e8b465ee728b)  -> (artifact id: '3934910d2e081d6e3e8e71342ed0646a') in 0.008957 seconds
Number of updated asset objects reloaded before import = 0
Number of asset objects unloaded after import = 2
========================================================================
Received Import Request.
  Time since last request: 0.000023 seconds.
  path: Assets/Obj/redstone_torch_off.png
  artifactKey: Guid(0d990bc605a058a4789c5baf7a1d6486) Importer(815301076,1909f56bfc062723c751e8b465ee728b)
Start importing Assets/Obj/redstone_torch_off.png using Guid(0d990bc605a058a4789c5baf7a1d6486) Importer(815301076,1909f56bfc062723c751e8b465ee728b)  -> (artifact id: '9134a3d31af2148d9b91fd371e1cc318') in 0.008455 seconds
Number of updated asset objects reloaded before import = 0
Number of asset objects unloaded after import = 2
========================================================================
Received Import Request.
  Time since last request: 0.000035 seconds.
  path: Assets/Obj/furnace_top.png
  artifactKey: Guid(c2af01c9d4489954d97d429c1a8689b0) Importer(815301076,1909f56bfc062723c751e8b465ee728b)
Start importing Assets/Obj/furnace_top.png using Guid(c2af01c9d4489954d97d429c1a8689b0) Importer(815301076,1909f56bfc062723c751e8b465ee728b)  -> (artifact id: '6d09b708dce413e46b33afc859550083') in 0.006999 seconds
Number of updated asset objects reloaded before import = 0
Number of asset objects unloaded after import = 2
========================================================================
Received Import Request.
  Time since last request: 0.000020 seconds.
  path: Assets/Obj/iron_block.png
  artifactKey: Guid(0a619a1ea1b32484db11f268317a4e3e) Importer(815301076,1909f56bfc062723c751e8b465ee728b)
Start importing Assets/Obj/iron_block.png using Guid(0a619a1ea1b32484db11f268317a4e3e) Importer(815301076,1909f56bfc062723c751e8b465ee728b)  -> (artifact id: 'f21e59ede55cebdc094fa19779d4a194') in 0.010861 seconds
Number of updated asset objects reloaded before import = 0
Number of asset objects unloaded after import = 2
========================================================================
Received Import Request.
  Time since last request: 0.000017 seconds.
  path: Assets/Obj/azalea_plant.png
  artifactKey: Guid(9efa0e9191238a74aaa4a58c79fe18e0) Importer(815301076,1909f56bfc062723c751e8b465ee728b)
Start importing Assets/Obj/azalea_plant.png using Guid(9efa0e9191238a74aaa4a58c79fe18e0) Importer(815301076,1909f56bfc062723c751e8b465ee728b)  -> (artifact id: 'd57600d8f705ec3d48bbc8027798caad') in 0.008210 seconds
Number of updated asset objects reloaded before import = 0
Number of asset objects unloaded after import = 2
========================================================================
Received Prepare
Begin MonoManager ReloadAssembly
Symbol file LoadedFromMemory doesn't match image B:\Unity\Projects\math card\Library\PackageCache\com.unity.visualscripting@1.8.0\Editor\VisualScripting.Core\Dependencies\YamlDotNet\Unity.VisualScripting.YamlDotNet.dll
Symbol file LoadedFromMemory doesn't match image B:\Unity\Projects\math card\Library\PackageCache\com.unity.visualscripting@1.8.0\Editor\VisualScripting.Core\Dependencies\DotNetZip\Unity.VisualScripting.IonicZip.dll
- Loaded All Assemblies, in  0.730 seconds
Refreshing native plugins compatible for Editor in 2.02 ms, found 3 plugins.
Native extension for UWP target not found
Native extension for WindowsStandalone target not found
Native extension for Android target not found
Native extension for OSXStandalone target not found
System.Exception: Error! Visual Scripting: couldn't find visual scripting package
  at Unity.VisualScripting.PackageVersionUtility.get_version () [0x00043] in .\Library\PackageCache\com.unity.visualscripting@1.8.0\Editor\VisualScripting.Core\Utilities\PackageVersionUtility.cs:31 
  at Unity.VisualScripting.BoltCoreManifest.get_version () [0x00000] in .\Library\PackageCache\com.unity.visualscripting@1.8.0\Editor\VisualScripting.Core\Plugin\BoltCoreManifest.cs:11 
  at Unity.VisualScripting.PluginManifest.get_currentVersion () [0x00000] in .\Library\PackageCache\com.unity.visualscripting@1.8.0\Editor\VisualScripting.Core\Plugins\PluginManifest.cs:33 
  at Unity.VisualScripting.PluginManifest.get_versionMismatch () [0x00000] in .\Library\PackageCache\com.unity.visualscripting@1.8.0\Editor\VisualScripting.Core\Plugins\PluginManifest.cs:48 
  at Unity.VisualScripting.PluginContainer.Initialize () [0x00525] in .\Library\PackageCache\com.unity.visualscripting@1.8.0\Editor\VisualScripting.Core\Plugins\PluginContainer.cs:208 
  at Unity.VisualScripting.PluginContainer.InitializeOnLoad () [0x00009] in .\Library\PackageCache\com.unity.visualscripting@1.8.0\Editor\VisualScripting.Core\Plugins\PluginContainer.cs:32 
  at Unity.VisualScripting.VSUsageUtility.DoInitializeOnLoadCalls () [0x00034] in .\Library\PackageCache\com.unity.visualscripting@1.8.0\Editor\VisualScripting.Core\Utilities\VSUsageUtility.cs:76 
  at Unity.VisualScripting.VSUsageUtility.set_isVisualScriptingUsed (System.Boolean value) [0x0002c] in .\Library\PackageCache\com.unity.visualscripting@1.8.0\Editor\VisualScripting.Core\Utilities\VSUsageUtility.cs:114 
  at Unity.VisualScripting.VSUsageUtility.CheckAndSetIsVisualScriptingUsed () [0x0000d] in .\Library\PackageCache\com.unity.visualscripting@1.8.0\Editor\VisualScripting.Core\Utilities\VSUsageUtility.cs:33 
  at Unity.VisualScripting.VSUsageUtility..cctor () [0x00000] in .\Library\PackageCache\com.unity.visualscripting@1.8.0\Editor\VisualScripting.Core\Utilities\VSUsageUtility.cs:22 
UnityEngine.StackTraceUtility:ExtractStackTrace ()
UnityEngine.DebugLogHandler:LogFormat (UnityEngine.LogType,UnityEngine.Object,string,object[])
UnityEngine.Logger:Log (UnityEngine.LogType,object)
UnityEngine.Debug:LogError (object)
UnityEditor.EditorAssemblies:ProcessInitializeOnLoadAttributes (System.Type[])

Mono: successfully reloaded assembly
- Finished resetting the current domain, in  1.532 seconds
Domain Reload Profiling: 2261ms
	BeginReloadAssembly (170ms)
		ExecutionOrderSort (0ms)
		DisableScriptedObjects (6ms)
		BackupInstance (0ms)
		ReleaseScriptingObjects (0ms)
		CreateAndSetChildDomain (48ms)
	RebuildCommonClasses (31ms)
	RebuildNativeTypeToScriptingClass (11ms)
	initialDomainReloadingComplete (27ms)
	LoadAllAssembliesAndSetupDomain (491ms)
		LoadAssemblies (273ms)
		RebuildTransferFunctionScriptingTraits (0ms)
		AnalyzeDomain (288ms)
			TypeCache.Refresh (283ms)
				TypeCache.ScanAssembly (269ms)
			ScanForSourceGeneratedMonoScriptInfo (0ms)
			ResolveRequiredComponents (5ms)
	FinalizeReload (1532ms)
		ReleaseScriptCaches (0ms)
		RebuildScriptCaches (0ms)
		SetupLoadedEditorAssemblies (968ms)
			LogAssemblyErrors (0ms)
			InitializePlatformSupportModulesInManaged (24ms)
			SetLoadedEditorAssemblies (8ms)
			RefreshPlugins (0ms)
			BeforeProcessingInitializeOnLoad (64ms)
			ProcessInitializeOnLoadAttributes (845ms)
			ProcessInitializeOnLoadMethodAttributes (23ms)
			AfterProcessingInitializeOnLoad (3ms)
			EditorAssembliesLoaded (0ms)
		ExecutionOrderSort2 (0ms)
		AwakeInstancesAfterBackupRestoration (12ms)
Refreshing native plugins compatible for Editor in 3.11 ms, found 3 plugins.
Preloading 0 native plugins for Editor in 0.00 ms.
Unloading 3479 Unused Serialized files (Serialized files now loaded: 0)
Unloading 23 unused Assets / (31.1 KB). Loaded Objects now: 3978.
Memory consumption went from 134.1 MB to 134.0 MB.
Total: 12.601200 ms (FindLiveObjects: 0.441300 ms CreateObjectMapping: 0.279700 ms MarkObjects: 11.807200 ms  DeleteObjects: 0.071500 ms)

Prepare: number of updated asset objects reloaded= 0
AssetImportParameters requested are different than current active one (requested -> active):
  custom:container-demuxer-ogg: 62fdf1f143b41e24485cea50d1cbac27 -> 
  custom:video-decoder-ogg-theora: a1e56fd34408186e4bbccfd4996cb3dc -> 
  custom:framework-win-MediaFoundation: 216162199b28c13a410421893ffa2e32 -> 
  custom:CustomObjectIndexerAttribute: 756ad292c208cfabdd7b50bc23989ffe -> 
  custom:container-demuxer-webm: 4f35f7cbe854078d1ac9338744f61a02 -> 
  custom:container-muxer-webm: aa71ff27fc2769a1b78a27578f13a17b -> 
  custom:video-decoder-webm-vp8: 9c59270c3fd7afecdb556c50c9e8de78 -> 
  custom:AudioImporter_EditorPlatform: d09bf68614088b80899f8185d706f6e7 -> 
  custom:video-encoder-webm-vp8: eb34c28f22e8b96e1ab97ce403110664 -> 
  custom:audio-decoder-ogg-vorbis: bf7c407c2cedff20999df2af8eb42d56 -> 
  custom:audio-encoder-webm-vorbis: bf7c407c2cedff20999df2af8eb42d56 -> 
========================================================================
Received Prepare
Begin MonoManager ReloadAssembly
Symbol file LoadedFromMemory doesn't match image B:\Unity\Projects\math card\Library\PackageCache\com.unity.visualscripting@1.8.0\Editor\VisualScripting.Core\Dependencies\YamlDotNet\Unity.VisualScripting.YamlDotNet.dll
Symbol file LoadedFromMemory doesn't match image B:\Unity\Projects\math card\Library\PackageCache\com.unity.visualscripting@1.8.0\Editor\VisualScripting.Core\Dependencies\DotNetZip\Unity.VisualScripting.IonicZip.dll
- Loaded All Assemblies, in  0.718 seconds
Refreshing native plugins compatible for Editor in 2.34 ms, found 3 plugins.
Native extension for UWP target not found
Native extension for WindowsStandalone target not found
Native extension for Android target not found
Native extension for OSXStandalone target not found
System.Exception: Error! Visual Scripting: couldn't find visual scripting package
  at Unity.VisualScripting.PackageVersionUtility.get_version () [0x00043] in .\Library\PackageCache\com.unity.visualscripting@1.8.0\Editor\VisualScripting.Core\Utilities\PackageVersionUtility.cs:31 
  at Unity.VisualScripting.BoltCoreManifest.get_version () [0x00000] in .\Library\PackageCache\com.unity.visualscripting@1.8.0\Editor\VisualScripting.Core\Plugin\BoltCoreManifest.cs:11 
  at Unity.VisualScripting.PluginManifest.get_currentVersion () [0x00000] in .\Library\PackageCache\com.unity.visualscripting@1.8.0\Editor\VisualScripting.Core\Plugins\PluginManifest.cs:33 
  at Unity.VisualScripting.PluginManifest.get_versionMismatch () [0x00000] in .\Library\PackageCache\com.unity.visualscripting@1.8.0\Editor\VisualScripting.Core\Plugins\PluginManifest.cs:48 
  at Unity.VisualScripting.PluginContainer.Initialize () [0x00525] in .\Library\PackageCache\com.unity.visualscripting@1.8.0\Editor\VisualScripting.Core\Plugins\PluginContainer.cs:208 
  at Unity.VisualScripting.PluginContainer.InitializeOnLoad () [0x00009] in .\Library\PackageCache\com.unity.visualscripting@1.8.0\Editor\VisualScripting.Core\Plugins\PluginContainer.cs:32 
  at Unity.VisualScripting.VSUsageUtility.DoInitializeOnLoadCalls () [0x00034] in .\Library\PackageCache\com.unity.visualscripting@1.8.0\Editor\VisualScripting.Core\Utilities\VSUsageUtility.cs:76 
  at Unity.VisualScripting.VSUsageUtility.set_isVisualScriptingUsed (System.Boolean value) [0x0002c] in .\Library\PackageCache\com.unity.visualscripting@1.8.0\Editor\VisualScripting.Core\Utilities\VSUsageUtility.cs:114 
  at Unity.VisualScripting.VSUsageUtility.CheckAndSetIsVisualScriptingUsed () [0x0000d] in .\Library\PackageCache\com.unity.visualscripting@1.8.0\Editor\VisualScripting.Core\Utilities\VSUsageUtility.cs:33 
  at Unity.VisualScripting.VSUsageUtility..cctor () [0x00000] in .\Library\PackageCache\com.unity.visualscripting@1.8.0\Editor\VisualScripting.Core\Utilities\VSUsageUtility.cs:22 
UnityEngine.StackTraceUtility:ExtractStackTrace ()
UnityEngine.DebugLogHandler:LogFormat (UnityEngine.LogType,UnityEngine.Object,string,object[])
UnityEngine.Logger:Log (UnityEngine.LogType,object)
UnityEngine.Debug:LogError (object)
UnityEditor.EditorAssemblies:ProcessInitializeOnLoadAttributes (System.Type[])

Mono: successfully reloaded assembly
- Finished resetting the current domain, in  1.604 seconds
Domain Reload Profiling: 2322ms
	BeginReloadAssembly (160ms)
		ExecutionOrderSort (0ms)
		DisableScriptedObjects (5ms)
		BackupInstance (0ms)
		ReleaseScriptingObjects (0ms)
		CreateAndSetChildDomain (44ms)
	RebuildCommonClasses (31ms)
	RebuildNativeTypeToScriptingClass (11ms)
	initialDomainReloadingComplete (26ms)
	LoadAllAssembliesAndSetupDomain (489ms)
		LoadAssemblies (275ms)
		RebuildTransferFunctionScriptingTraits (0ms)
		AnalyzeDomain (283ms)
			TypeCache.Refresh (278ms)
				TypeCache.ScanAssembly (265ms)
			ScanForSourceGeneratedMonoScriptInfo (0ms)
			ResolveRequiredComponents (5ms)
	FinalizeReload (1605ms)
		ReleaseScriptCaches (0ms)
		RebuildScriptCaches (0ms)
		SetupLoadedEditorAssemblies (947ms)
			LogAssemblyErrors (0ms)
			InitializePlatformSupportModulesInManaged (29ms)
			SetLoadedEditorAssemblies (10ms)
			RefreshPlugins (0ms)
			BeforeProcessingInitializeOnLoad (65ms)
			ProcessInitializeOnLoadAttributes (814ms)
			ProcessInitializeOnLoadMethodAttributes (25ms)
			AfterProcessingInitializeOnLoad (4ms)
			EditorAssembliesLoaded (0ms)
		ExecutionOrderSort2 (0ms)
		AwakeInstancesAfterBackupRestoration (8ms)
Refreshing native plugins compatible for Editor in 2.32 ms, found 3 plugins.
Preloading 0 native plugins for Editor in 0.00 ms.
Unloading 3480 Unused Serialized files (Serialized files now loaded: 0)
Unloading 23 unused Assets / (31.2 KB). Loaded Objects now: 3982.
Memory consumption went from 134.3 MB to 134.3 MB.
Total: 13.685600 ms (FindLiveObjects: 0.283500 ms CreateObjectMapping: 0.378700 ms MarkObjects: 12.949000 ms  DeleteObjects: 0.073100 ms)

Prepare: number of updated asset objects reloaded= 0
AssetImportParameters requested are different than current active one (requested -> active):
  custom:container-demuxer-ogg: 62fdf1f143b41e24485cea50d1cbac27 -> 
  custom:video-decoder-ogg-theora: a1e56fd34408186e4bbccfd4996cb3dc -> 
  custom:framework-win-MediaFoundation: 216162199b28c13a410421893ffa2e32 -> 
  custom:CustomObjectIndexerAttribute: 756ad292c208cfabdd7b50bc23989ffe -> 
  custom:container-demuxer-webm: 4f35f7cbe854078d1ac9338744f61a02 -> 
  custom:container-muxer-webm: aa71ff27fc2769a1b78a27578f13a17b -> 
  custom:video-decoder-webm-vp8: 9c59270c3fd7afecdb556c50c9e8de78 -> 
  custom:AudioImporter_EditorPlatform: d09bf68614088b80899f8185d706f6e7 -> 
  custom:video-encoder-webm-vp8: eb34c28f22e8b96e1ab97ce403110664 -> 
  custom:audio-decoder-ogg-vorbis: bf7c407c2cedff20999df2af8eb42d56 -> 
  custom:audio-encoder-webm-vorbis: bf7c407c2cedff20999df2af8eb42d56 -> 
========================================================================
Received Import Request.
  Time since last request: 43.673480 seconds.
  path: Assets/Cards
  artifactKey: Guid(016b94dd552efad43bf0812f395ca9f8) Importer(815301076,1909f56bfc062723c751e8b465ee728b)
Start importing Assets/Cards using Guid(016b94dd552efad43bf0812f395ca9f8) Importer(815301076,1909f56bfc062723c751e8b465ee728b)  -> (artifact id: '1508cd58ea446af158af7d0d38f696ee') in 0.002509 seconds
Number of updated asset objects reloaded before import = 0
Number of asset objects unloaded after import = 0
========================================================================
Received Import Request.
  Time since last request: 0.022108 seconds.
  path: Assets/Cards/card.png
  artifactKey: Guid(46d9808f2cf03914c81e3d81a85f8d4c) Importer(815301076,1909f56bfc062723c751e8b465ee728b)
Start importing Assets/Cards/card.png using Guid(46d9808f2cf03914c81e3d81a85f8d4c) Importer(815301076,1909f56bfc062723c751e8b465ee728b)  -> (artifact id: '87ee94a0a71170f6dd9e37286e0f8468') in 0.069030 seconds
Number of updated asset objects reloaded before import = 0
Number of asset objects unloaded after import = 3
========================================================================
Received Import Request.
  Time since last request: 1.692358 seconds.
  path: Assets/Controlls
  artifactKey: Guid(a8a5f373ee1793c4593f46fc38b9d44b) Importer(815301076,1909f56bfc062723c751e8b465ee728b)
Start importing Assets/Controlls using Guid(a8a5f373ee1793c4593f46fc38b9d44b) Importer(815301076,1909f56bfc062723c751e8b465ee728b)  -> (artifact id: 'bdc2f6318feac1aa7c4c6768756dbb19') in 0.000498 seconds
Number of updated asset objects reloaded before import = 0
Number of asset objects unloaded after import = 0
========================================================================
Received Import Request.
  Time since last request: 0.069472 seconds.
  path: Assets/Controlls/Control.inputactions
  artifactKey: Guid(5bc2a7f74862f0f439d1a1caf7f205bf) Importer(815301076,1909f56bfc062723c751e8b465ee728b)
Start importing Assets/Controlls/Control.inputactions using Guid(5bc2a7f74862f0f439d1a1caf7f205bf) Importer(815301076,1909f56bfc062723c751e8b465ee728b)  -> (artifact id: '58db77ee57ca81441d13ce534ade719e') in 0.004387 seconds
Number of updated asset objects reloaded before import = 0
Number of asset objects unloaded after import = 2
========================================================================
Received Import Request.
  Time since last request: 2.799062 seconds.
  path: Assets/Materials
  artifactKey: Guid(55cfcc1c9d14cca409ac46d604157c40) Importer(815301076,1909f56bfc062723c751e8b465ee728b)
Start importing Assets/Materials using Guid(55cfcc1c9d14cca409ac46d604157c40) Importer(815301076,1909f56bfc062723c751e8b465ee728b)  -> (artifact id: '17055f5104e97508e781efdd8c306149') in 0.000523 seconds
Number of updated asset objects reloaded before import = 0
Number of asset objects unloaded after import = 0
========================================================================
Received Import Request.
  Time since last request: 0.043126 seconds.
  path: Assets/Materials/Wall.mat
  artifactKey: Guid(734909b00c2b24c499de59b8ede74b25) Importer(815301076,1909f56bfc062723c751e8b465ee728b)
Start importing Assets/Materials/Wall.mat using Guid(734909b00c2b24c499de59b8ede74b25) Importer(815301076,1909f56bfc062723c751e8b465ee728b)  -> (artifact id: '1a9a6676317aa14a43cfc022493ddbca') in 0.040830 seconds
Number of updated asset objects reloaded before import = 0
Number of asset objects unloaded after import = 1
========================================================================
Received Import Request.
  Time since last request: 1.768526 seconds.
  path: Assets/Scenes
  artifactKey: Guid(c2df21ccc0bc5154699ac648f95cece0) Importer(815301076,1909f56bfc062723c751e8b465ee728b)
Start importing Assets/Scenes using Guid(c2df21ccc0bc5154699ac648f95cece0) Importer(815301076,1909f56bfc062723c751e8b465ee728b)  -> (artifact id: 'a1c8dce2041846a71e633760a881f07b') in 0.000733 seconds
Number of updated asset objects reloaded before import = 0
Number of asset objects unloaded after import = 0
========================================================================
Received Import Request.
  Time since last request: 8.324699 seconds.
  path: Assets/Scipts
  artifactKey: Guid(d2f3284a89896a4439c325a5028e0427) Importer(815301076,1909f56bfc062723c751e8b465ee728b)
Start importing Assets/Scipts using Guid(d2f3284a89896a4439c325a5028e0427) Importer(815301076,1909f56bfc062723c751e8b465ee728b)  -> (artifact id: 'c001fd666f4a0f0dd48631d293e40aec') in 0.000461 seconds
Number of updated asset objects reloaded before import = 0
Number of asset objects unloaded after import = 0
========================================================================
Received Import Request.
  Time since last request: 1.939101 seconds.
  path: Assets/TextMesh Pro
  artifactKey: Guid(f54d1bd14bd3ca042bd867b519fee8cc) Importer(815301076,1909f56bfc062723c751e8b465ee728b)
Start importing Assets/TextMesh Pro using Guid(f54d1bd14bd3ca042bd867b519fee8cc) Importer(815301076,1909f56bfc062723c751e8b465ee728b)  -> (artifact id: '30796653c4dfc1f2480bca9d8b60487c') in 0.000601 seconds
Number of updated asset objects reloaded before import = 0
Number of asset objects unloaded after import = 0
========================================================================
Received Import Request.
  Time since last request: 1.372759 seconds.
  path: Assets/Backgrounds
  artifactKey: Guid(a5512d5c1f237c84a9f3a4ccc7231712) Importer(815301076,1909f56bfc062723c751e8b465ee728b)
Start importing Assets/Backgrounds using Guid(a5512d5c1f237c84a9f3a4ccc7231712) Importer(815301076,1909f56bfc062723c751e8b465ee728b)  -> (artifact id: 'a1f325b7a8fabec2056f8d6cbc01a8b0') in 0.000429 seconds
Number of updated asset objects reloaded before import = 0
Number of asset objects unloaded after import = 0
========================================================================
Received Import Request.
  Time since last request: 0.055228 seconds.
  path: Assets/Backgrounds/menu.png
  artifactKey: Guid(172ab3ab51ca628479eb51270e2461df) Importer(815301076,1909f56bfc062723c751e8b465ee728b)
Start importing Assets/Backgrounds/menu.png using Guid(172ab3ab51ca628479eb51270e2461df) Importer(815301076,1909f56bfc062723c751e8b465ee728b)  -> (artifact id: '66a2926a6f65ce5fc300ccfd2ad1cd87') in 0.019001 seconds
Number of updated asset objects reloaded before import = 0
Number of asset objects unloaded after import = 3
