Using pre-set license
Built from '2022.3/release' branch; Version is '2022.3.5f1 (9674261d40ee) revision 9860134'; Using compiler version '192829333'; Build Type 'Release'
OS: 'Windows 10  (10.0.19045) 64bit Core' Language: 'en' Physical Memory: 8122 MB
BatchMode: 1, IsHumanControllingUs: 0, StartBugReporterOnCrash: 0, Is64bit: 1, IsPro: 1

COMMAND LINE ARGUMENTS:
B:\Unity\Hub\Editor\2022.3.5f1\Editor\Unity.exe
-adb2
-batchMode
-noUpm
-name
AssetImportWorker1
-projectPath
B:/Unity/Projects/math card
-logFile
Logs/AssetImportWorker1.log
-srvPort
56891
Successfully changed project path to: B:/Unity/Projects/math card
B:/Unity/Projects/math card
[UnityMemory] Configuration Parameters - Can be set up in boot.config
    "memorysetup-bucket-allocator-granularity=16"
    "memorysetup-bucket-allocator-bucket-count=8"
    "memorysetup-bucket-allocator-block-size=33554432"
    "memorysetup-bucket-allocator-block-count=8"
    "memorysetup-main-allocator-block-size=16777216"
    "memorysetup-thread-allocator-block-size=16777216"
    "memorysetup-gfx-main-allocator-block-size=16777216"
    "memorysetup-gfx-thread-allocator-block-size=16777216"
    "memorysetup-cache-allocator-block-size=4194304"
    "memorysetup-typetree-allocator-block-size=2097152"
    "memorysetup-profiler-bucket-allocator-granularity=16"
    "memorysetup-profiler-bucket-allocator-bucket-count=8"
    "memorysetup-profiler-bucket-allocator-block-size=33554432"
    "memorysetup-profiler-bucket-allocator-block-count=8"
    "memorysetup-profiler-allocator-block-size=16777216"
    "memorysetup-profiler-editor-allocator-block-size=1048576"
    "memorysetup-temp-allocator-size-main=16777216"
    "memorysetup-job-temp-allocator-block-size=2097152"
    "memorysetup-job-temp-allocator-block-size-background=1048576"
    "memorysetup-job-temp-allocator-reduction-small-platforms=262144"
    "memorysetup-allocator-temp-initial-block-size-main=262144"
    "memorysetup-allocator-temp-initial-block-size-worker=262144"
    "memorysetup-temp-allocator-size-background-worker=32768"
    "memorysetup-temp-allocator-size-job-worker=262144"
    "memorysetup-temp-allocator-size-preload-manager=33554432"
    "memorysetup-temp-allocator-size-nav-mesh-worker=65536"
    "memorysetup-temp-allocator-size-audio-worker=65536"
    "memorysetup-temp-allocator-size-cloud-worker=32768"
    "memorysetup-temp-allocator-size-gi-baking-worker=262144"
    "memorysetup-temp-allocator-size-gfx=262144"
Player connection [19848] Host "[IP] 192.168.0.123 [Port] 0 [Flags] 2 [Guid] 1835026976 [EditorId] 1835026976 [Version] 1048832 [Id] WindowsEditor(7,DESKTOP-SO7CM09) [Debug] 1 [PackageName] WindowsEditor [ProjectName] Editor" joined multi-casting on [225.0.0.222:54997]...

Player connection [19848] Host "[IP] 192.168.0.123 [Port] 0 [Flags] 2 [Guid] 1835026976 [EditorId] 1835026976 [Version] 1048832 [Id] WindowsEditor(7,DESKTOP-SO7CM09) [Debug] 1 [PackageName] WindowsEditor [ProjectName] Editor" joined alternative multi-casting on [225.0.0.222:34997]...

Refreshing native plugins compatible for Editor in 6.38 ms, found 3 plugins.
Preloading 0 native plugins for Editor in 0.00 ms.
Initialize engine version: 2022.3.5f1 (9674261d40ee)
[Subsystems] Discovering subsystems at path B:/Unity/Hub/Editor/2022.3.5f1/Editor/Data/Resources/UnitySubsystems
[Subsystems] Discovering subsystems at path B:/Unity/Projects/math card/Assets
GfxDevice: creating device client; threaded=0; jobified=0
Direct3D:
    Version:  Direct3D 11.0 [level 11.0]
    Renderer: NVIDIA GeForce GT 710 (ID=0x128b)
    Vendor:   NVIDIA
    VRAM:     2007 MB
    Driver:   27.21.14.5671
Initialize mono
Mono path[0] = 'B:/Unity/Hub/Editor/2022.3.5f1/Editor/Data/Managed'
Mono path[1] = 'B:/Unity/Hub/Editor/2022.3.5f1/Editor/Data/MonoBleedingEdge/lib/mono/unityjit-win32'
Mono config path = 'B:/Unity/Hub/Editor/2022.3.5f1/Editor/Data/MonoBleedingEdge/etc'
Using monoOptions --debugger-agent=transport=dt_socket,embedding=1,server=y,suspend=n,address=127.0.0.1:56412
Begin MonoManager ReloadAssembly
Registering precompiled unity dll's ...
Register platform support module: B:/Unity/Hub/Editor/2022.3.5f1/Editor/Data/PlaybackEngines/MacStandaloneSupport/UnityEditor.OSXStandalone.Extensions.dll
Register platform support module: B:/Unity/Hub/Editor/2022.3.5f1/Editor/Data/PlaybackEngines/AndroidPlayer/UnityEditor.Android.Extensions.dll
Register platform support module: B:/Unity/Hub/Editor/2022.3.5f1/Editor/Data/PlaybackEngines/WindowsStandaloneSupport/UnityEditor.WindowsStandalone.Extensions.dll
Register platform support module: B:/Unity/Hub/Editor/2022.3.5f1/Editor/Data/PlaybackEngines/MetroSupport/UnityEditor.UWP.Extensions.dll
Registered in 0.007080 seconds.
- Loaded All Assemblies, in  0.374 seconds
Native extension for UWP target not found
Native extension for WindowsStandalone target not found
Native extension for Android target not found
Android Extension - Scanning For ADB Devices 276 ms
Native extension for OSXStandalone target not found
Mono: successfully reloaded assembly
- Finished resetting the current domain, in  0.616 seconds
Domain Reload Profiling: 990ms
	BeginReloadAssembly (101ms)
		ExecutionOrderSort (0ms)
		DisableScriptedObjects (0ms)
		BackupInstance (0ms)
		ReleaseScriptingObjects (0ms)
		CreateAndSetChildDomain (1ms)
	RebuildCommonClasses (36ms)
	RebuildNativeTypeToScriptingClass (11ms)
	initialDomainReloadingComplete (61ms)
	LoadAllAssembliesAndSetupDomain (164ms)
		LoadAssemblies (101ms)
		RebuildTransferFunctionScriptingTraits (0ms)
		AnalyzeDomain (159ms)
			TypeCache.Refresh (159ms)
				TypeCache.ScanAssembly (141ms)
			ScanForSourceGeneratedMonoScriptInfo (0ms)
			ResolveRequiredComponents (0ms)
	FinalizeReload (617ms)
		ReleaseScriptCaches (0ms)
		RebuildScriptCaches (0ms)
		SetupLoadedEditorAssemblies (557ms)
			LogAssemblyErrors (0ms)
			InitializePlatformSupportModulesInManaged (392ms)
			SetLoadedEditorAssemblies (4ms)
			RefreshPlugins (0ms)
			BeforeProcessingInitializeOnLoad (3ms)
			ProcessInitializeOnLoadAttributes (104ms)
			ProcessInitializeOnLoadMethodAttributes (53ms)
			AfterProcessingInitializeOnLoad (0ms)
			EditorAssembliesLoaded (0ms)
		ExecutionOrderSort2 (0ms)
		AwakeInstancesAfterBackupRestoration (0ms)
========================================================================
Worker process is ready to serve import requests
Begin MonoManager ReloadAssembly
Symbol file LoadedFromMemory doesn't match image B:\Unity\Projects\math card\Library\PackageCache\com.unity.visualscripting@1.8.0\Editor\VisualScripting.Core\Dependencies\YamlDotNet\Unity.VisualScripting.YamlDotNet.dll
Symbol file LoadedFromMemory doesn't match image B:\Unity\Projects\math card\Library\PackageCache\com.unity.visualscripting@1.8.0\Editor\VisualScripting.Core\Dependencies\DotNetZip\Unity.VisualScripting.IonicZip.dll
- Loaded All Assemblies, in  0.835 seconds
Refreshing native plugins compatible for Editor in 1.80 ms, found 3 plugins.
Native extension for UWP target not found
Native extension for WindowsStandalone target not found
Native extension for Android target not found
Native extension for OSXStandalone target not found
System.Exception: Error! Visual Scripting: couldn't find visual scripting package
  at Unity.VisualScripting.PackageVersionUtility.get_version () [0x00043] in .\Library\PackageCache\com.unity.visualscripting@1.8.0\Editor\VisualScripting.Core\Utilities\PackageVersionUtility.cs:31 
  at Unity.VisualScripting.BoltCoreManifest.get_version () [0x00000] in .\Library\PackageCache\com.unity.visualscripting@1.8.0\Editor\VisualScripting.Core\Plugin\BoltCoreManifest.cs:11 
  at Unity.VisualScripting.PluginManifest.get_currentVersion () [0x00000] in .\Library\PackageCache\com.unity.visualscripting@1.8.0\Editor\VisualScripting.Core\Plugins\PluginManifest.cs:33 
  at Unity.VisualScripting.PluginManifest.get_versionMismatch () [0x00000] in .\Library\PackageCache\com.unity.visualscripting@1.8.0\Editor\VisualScripting.Core\Plugins\PluginManifest.cs:48 
  at Unity.VisualScripting.PluginContainer.Initialize () [0x00525] in .\Library\PackageCache\com.unity.visualscripting@1.8.0\Editor\VisualScripting.Core\Plugins\PluginContainer.cs:208 
  at Unity.VisualScripting.PluginContainer.InitializeOnLoad () [0x00009] in .\Library\PackageCache\com.unity.visualscripting@1.8.0\Editor\VisualScripting.Core\Plugins\PluginContainer.cs:32 
  at Unity.VisualScripting.VSUsageUtility.DoInitializeOnLoadCalls () [0x00034] in .\Library\PackageCache\com.unity.visualscripting@1.8.0\Editor\VisualScripting.Core\Utilities\VSUsageUtility.cs:76 
  at Unity.VisualScripting.VSUsageUtility.set_isVisualScriptingUsed (System.Boolean value) [0x0002c] in .\Library\PackageCache\com.unity.visualscripting@1.8.0\Editor\VisualScripting.Core\Utilities\VSUsageUtility.cs:114 
  at Unity.VisualScripting.VSUsageUtility.CheckAndSetIsVisualScriptingUsed () [0x00032] in .\Library\PackageCache\com.unity.visualscripting@1.8.0\Editor\VisualScripting.Core\Utilities\VSUsageUtility.cs:48 
  at Unity.VisualScripting.VSUsageUtility..cctor () [0x00000] in .\Library\PackageCache\com.unity.visualscripting@1.8.0\Editor\VisualScripting.Core\Utilities\VSUsageUtility.cs:22 
UnityEngine.StackTraceUtility:ExtractStackTrace ()
UnityEngine.DebugLogHandler:LogFormat (UnityEngine.LogType,UnityEngine.Object,string,object[])
UnityEngine.Logger:Log (UnityEngine.LogType,object)
UnityEngine.Debug:LogError (object)
UnityEditor.EditorAssemblies:ProcessInitializeOnLoadAttributes (System.Type[])

Mono: successfully reloaded assembly
- Finished resetting the current domain, in  1.266 seconds
Domain Reload Profiling: 2101ms
	BeginReloadAssembly (144ms)
		ExecutionOrderSort (0ms)
		DisableScriptedObjects (5ms)
		BackupInstance (0ms)
		ReleaseScriptingObjects (0ms)
		CreateAndSetChildDomain (24ms)
	RebuildCommonClasses (36ms)
	RebuildNativeTypeToScriptingClass (13ms)
	initialDomainReloadingComplete (48ms)
	LoadAllAssembliesAndSetupDomain (593ms)
		LoadAssemblies (324ms)
		RebuildTransferFunctionScriptingTraits (0ms)
		AnalyzeDomain (348ms)
			TypeCache.Refresh (327ms)
				TypeCache.ScanAssembly (308ms)
			ScanForSourceGeneratedMonoScriptInfo (16ms)
			ResolveRequiredComponents (5ms)
	FinalizeReload (1267ms)
		ReleaseScriptCaches (0ms)
		RebuildScriptCaches (0ms)
		SetupLoadedEditorAssemblies (1099ms)
			LogAssemblyErrors (0ms)
			InitializePlatformSupportModulesInManaged (24ms)
			SetLoadedEditorAssemblies (4ms)
			RefreshPlugins (0ms)
			BeforeProcessingInitializeOnLoad (54ms)
			ProcessInitializeOnLoadAttributes (996ms)
			ProcessInitializeOnLoadMethodAttributes (19ms)
			AfterProcessingInitializeOnLoad (3ms)
			EditorAssembliesLoaded (0ms)
		ExecutionOrderSort2 (0ms)
		AwakeInstancesAfterBackupRestoration (8ms)
Launched and connected shader compiler UnityShaderCompiler.exe after 0.04 seconds
Refreshing native plugins compatible for Editor in 3.08 ms, found 3 plugins.
Preloading 0 native plugins for Editor in 0.00 ms.
Unloading 3502 Unused Serialized files (Serialized files now loaded: 0)
Unloading 38 unused Assets / (57.0 KB). Loaded Objects now: 3971.
Memory consumption went from 139.9 MB to 139.8 MB.
Total: 15.092100 ms (FindLiveObjects: 0.343200 ms CreateObjectMapping: 0.261300 ms MarkObjects: 14.321300 ms  DeleteObjects: 0.164800 ms)

AssetImportParameters requested are different than current active one (requested -> active):
  custom:container-demuxer-ogg: 62fdf1f143b41e24485cea50d1cbac27 -> 
  custom:video-decoder-ogg-theora: a1e56fd34408186e4bbccfd4996cb3dc -> 
  custom:framework-win-MediaFoundation: 216162199b28c13a410421893ffa2e32 -> 
  custom:container-demuxer-webm: 4f35f7cbe854078d1ac9338744f61a02 -> 
  custom:container-muxer-webm: aa71ff27fc2769a1b78a27578f13a17b -> 
  custom:video-decoder-webm-vp8: 9c59270c3fd7afecdb556c50c9e8de78 -> 
  custom:AudioImporter_EditorPlatform: d09bf68614088b80899f8185d706f6e7 -> 
  custom:video-encoder-webm-vp8: eb34c28f22e8b96e1ab97ce403110664 -> 
  custom:audio-decoder-ogg-vorbis: bf7c407c2cedff20999df2af8eb42d56 -> 
  custom:audio-encoder-webm-vorbis: bf7c407c2cedff20999df2af8eb42d56 -> 
========================================================================
Received Import Request.
  Time since last request: 616216.024797 seconds.
  path: Assets/Obj/tripwire_hook.png
  artifactKey: Guid(7157fd2825b977d46bb3ff5030d2c784) Importer(815301076,1909f56bfc062723c751e8b465ee728b)
Start importing Assets/Obj/tripwire_hook.png using Guid(7157fd2825b977d46bb3ff5030d2c784) Importer(815301076,1909f56bfc062723c751e8b465ee728b)  -> (artifact id: '687fb767ea69e8498e198e6c50a65a09') in 0.075167 seconds
Number of updated asset objects reloaded before import = 0
Number of asset objects unloaded after import = 2
========================================================================
Received Import Request.
  Time since last request: 0.000032 seconds.
  path: Assets/Obj/dropper_front.png
  artifactKey: Guid(aafcead22680ff34092501ec99f3bb3a) Importer(815301076,1909f56bfc062723c751e8b465ee728b)
Start importing Assets/Obj/dropper_front.png using Guid(aafcead22680ff34092501ec99f3bb3a) Importer(815301076,1909f56bfc062723c751e8b465ee728b)  -> (artifact id: '687bf489a4c13a0d5f17cd6a7fac7782') in 0.007166 seconds
Number of updated asset objects reloaded before import = 0
Number of asset objects unloaded after import = 2
========================================================================
Received Import Request.
  Time since last request: 0.000023 seconds.
  path: Assets/Obj/crafting_table_top.png
  artifactKey: Guid(dc1a5dd851fa209469de12a615411ccf) Importer(815301076,1909f56bfc062723c751e8b465ee728b)
Start importing Assets/Obj/crafting_table_top.png using Guid(dc1a5dd851fa209469de12a615411ccf) Importer(815301076,1909f56bfc062723c751e8b465ee728b)  -> (artifact id: '1c89219be1ef19ccc59a21f328691e47') in 0.006769 seconds
Number of updated asset objects reloaded before import = 0
Number of asset objects unloaded after import = 2
========================================================================
Received Import Request.
  Time since last request: 0.000014 seconds.
  path: Assets/Obj/barrel_bottom.png
  artifactKey: Guid(b98938fd36c4dd54bac82e8a43ab3529) Importer(815301076,1909f56bfc062723c751e8b465ee728b)
Start importing Assets/Obj/barrel_bottom.png using Guid(b98938fd36c4dd54bac82e8a43ab3529) Importer(815301076,1909f56bfc062723c751e8b465ee728b)  -> (artifact id: 'a5f18ba1fbd1390c88aba01a3454482b') in 0.008437 seconds
Number of updated asset objects reloaded before import = 0
Number of asset objects unloaded after import = 2
========================================================================
Received Import Request.
  Time since last request: 0.000023 seconds.
  path: Assets/Obj/copper_ore.png
  artifactKey: Guid(59385d7690f15834cb891ab79fd4a671) Importer(815301076,1909f56bfc062723c751e8b465ee728b)
Start importing Assets/Obj/copper_ore.png using Guid(59385d7690f15834cb891ab79fd4a671) Importer(815301076,1909f56bfc062723c751e8b465ee728b)  -> (artifact id: '7f3ad3e9bad3eec7df212bc993981e4a') in 0.009246 seconds
Number of updated asset objects reloaded before import = 0
Number of asset objects unloaded after import = 2
========================================================================
Received Import Request.
  Time since last request: 0.000020 seconds.
  path: Assets/Obj/gravel.png
  artifactKey: Guid(8aa1c1b2146530141834db48bee0ce89) Importer(815301076,1909f56bfc062723c751e8b465ee728b)
Start importing Assets/Obj/gravel.png using Guid(8aa1c1b2146530141834db48bee0ce89) Importer(815301076,1909f56bfc062723c751e8b465ee728b)  -> (artifact id: '9992772bcb05ed152456e755f6d1c30c') in 0.009512 seconds
Number of updated asset objects reloaded before import = 0
Number of asset objects unloaded after import = 2
========================================================================
Received Import Request.
  Time since last request: 0.000023 seconds.
  path: Assets/Obj/tall_grass_bottom_y.png
  artifactKey: Guid(68c86164293fdcc4dbb6e252a69a6696) Importer(815301076,1909f56bfc062723c751e8b465ee728b)
Start importing Assets/Obj/tall_grass_bottom_y.png using Guid(68c86164293fdcc4dbb6e252a69a6696) Importer(815301076,1909f56bfc062723c751e8b465ee728b)  -> (artifact id: 'b263ec49d0997a5936a3c3dd35e76d32') in 0.013627 seconds
Number of updated asset objects reloaded before import = 0
Number of asset objects unloaded after import = 2
========================================================================
Received Import Request.
  Time since last request: 0.000014 seconds.
  path: Assets/Obj/lectern_sides.png
  artifactKey: Guid(f6271a068be897741b08c80cd8e86f1f) Importer(815301076,1909f56bfc062723c751e8b465ee728b)
Start importing Assets/Obj/lectern_sides.png using Guid(f6271a068be897741b08c80cd8e86f1f) Importer(815301076,1909f56bfc062723c751e8b465ee728b)  -> (artifact id: 'a467d98e8e32b28ff2b63c1e1ec3a0d6') in 0.007146 seconds
Number of updated asset objects reloaded before import = 0
Number of asset objects unloaded after import = 2
========================================================================
Received Import Request.
  Time since last request: 0.000015 seconds.
  path: Assets/Obj/lily_of_the_valley.png
  artifactKey: Guid(1cfe12e54fafe994c8bb53c0f69eaf3f) Importer(815301076,1909f56bfc062723c751e8b465ee728b)
Start importing Assets/Obj/lily_of_the_valley.png using Guid(1cfe12e54fafe994c8bb53c0f69eaf3f) Importer(815301076,1909f56bfc062723c751e8b465ee728b)  -> (artifact id: 'a6e1da9121fe557222b6d014d413f34c') in 0.006575 seconds
Number of updated asset objects reloaded before import = 0
Number of asset objects unloaded after import = 2
========================================================================
Received Import Request.
  Time since last request: 0.000023 seconds.
  path: Assets/Obj/brewing_stand_base.png
  artifactKey: Guid(f4fac596e5bbb4142b6feb4d04ee4d45) Importer(815301076,1909f56bfc062723c751e8b465ee728b)
Start importing Assets/Obj/brewing_stand_base.png using Guid(f4fac596e5bbb4142b6feb4d04ee4d45) Importer(815301076,1909f56bfc062723c751e8b465ee728b)  -> (artifact id: '850f12bf3018629d87df3fe079f3e98b') in 0.012133 seconds
Number of updated asset objects reloaded before import = 0
Number of asset objects unloaded after import = 2
========================================================================
Received Import Request.
  Time since last request: 0.000020 seconds.
  path: Assets/Obj/birch_door_top.png
  artifactKey: Guid(b6ab84b222687dd499836d56a974b295) Importer(815301076,1909f56bfc062723c751e8b465ee728b)
Start importing Assets/Obj/birch_door_top.png using Guid(b6ab84b222687dd499836d56a974b295) Importer(815301076,1909f56bfc062723c751e8b465ee728b)  -> (artifact id: '72bb620b97f23cb32beadb586e291e89') in 0.008199 seconds
Number of updated asset objects reloaded before import = 0
Number of asset objects unloaded after import = 2
========================================================================
Received Import Request.
  Time since last request: 0.000023 seconds.
  path: Assets/Obj/glowstone.png
  artifactKey: Guid(5a948e5a4ee5f7a49a6bc699a769c015) Importer(815301076,1909f56bfc062723c751e8b465ee728b)
Start importing Assets/Obj/glowstone.png using Guid(5a948e5a4ee5f7a49a6bc699a769c015) Importer(815301076,1909f56bfc062723c751e8b465ee728b)  -> (artifact id: '4eef0c7391ced5f570bcb1dc939547d9') in 0.007105 seconds
Number of updated asset objects reloaded before import = 0
Number of asset objects unloaded after import = 2
========================================================================
Received Import Request.
  Time since last request: 0.000025 seconds.
  path: Assets/Obj/stone_bricks.png
  artifactKey: Guid(9ad349dc9c53b2e4593be8613a775b92) Importer(815301076,1909f56bfc062723c751e8b465ee728b)
Start importing Assets/Obj/stone_bricks.png using Guid(9ad349dc9c53b2e4593be8613a775b92) Importer(815301076,1909f56bfc062723c751e8b465ee728b)  -> (artifact id: 'f653ddf2b10a22e25e7ac1ce38929510') in 0.012276 seconds
Number of updated asset objects reloaded before import = 0
Number of asset objects unloaded after import = 2
========================================================================
Received Import Request.
  Time since last request: 0.000016 seconds.
  path: Assets/Obj/campfire_fire.png
  artifactKey: Guid(66a02f2513ff0a745b0ee5afb7717166) Importer(815301076,1909f56bfc062723c751e8b465ee728b)
Start importing Assets/Obj/campfire_fire.png using Guid(66a02f2513ff0a745b0ee5afb7717166) Importer(815301076,1909f56bfc062723c751e8b465ee728b)  -> (artifact id: '8dc058179951d7fffc05a182e296b8dc') in 0.007247 seconds
Number of updated asset objects reloaded before import = 0
Number of asset objects unloaded after import = 2
========================================================================
Received Import Request.
  Time since last request: 0.000021 seconds.
  path: Assets/Obj/lectern_front.png
  artifactKey: Guid(35de6faaaf52bb1478550300e4f96151) Importer(815301076,1909f56bfc062723c751e8b465ee728b)
Start importing Assets/Obj/lectern_front.png using Guid(35de6faaaf52bb1478550300e4f96151) Importer(815301076,1909f56bfc062723c751e8b465ee728b)  -> (artifact id: '2cd3e062754152039ad38138c50307a7') in 0.010365 seconds
Number of updated asset objects reloaded before import = 0
Number of asset objects unloaded after import = 2
========================================================================
Received Import Request.
  Time since last request: 0.000020 seconds.
  path: Assets/Obj/note_block.png
  artifactKey: Guid(0362204ae00706343a44c5f9298c8a7c) Importer(815301076,1909f56bfc062723c751e8b465ee728b)
Start importing Assets/Obj/note_block.png using Guid(0362204ae00706343a44c5f9298c8a7c) Importer(815301076,1909f56bfc062723c751e8b465ee728b)  -> (artifact id: 'b90c8c60459174bfd8187e981e3e8aa5') in 0.010807 seconds
Number of updated asset objects reloaded before import = 0
Number of asset objects unloaded after import = 2
========================================================================
Received Import Request.
  Time since last request: 0.000014 seconds.
  path: Assets/Obj/grass_block_top_y.png
  artifactKey: Guid(69bc18848890b0747835de93893665ba) Importer(815301076,1909f56bfc062723c751e8b465ee728b)
Start importing Assets/Obj/grass_block_top_y.png using Guid(69bc18848890b0747835de93893665ba) Importer(815301076,1909f56bfc062723c751e8b465ee728b)  -> (artifact id: '84e0b28a9574b920d9ee35c1482fccb0') in 0.006819 seconds
Number of updated asset objects reloaded before import = 0
Number of asset objects unloaded after import = 2
========================================================================
Received Import Request.
  Time since last request: 0.000017 seconds.
  path: Assets/Obj/oak_leaves_y.png
  artifactKey: Guid(b82eb39fd53da144f99cbe3d60bd0725) Importer(815301076,1909f56bfc062723c751e8b465ee728b)
Start importing Assets/Obj/oak_leaves_y.png using Guid(b82eb39fd53da144f99cbe3d60bd0725) Importer(815301076,1909f56bfc062723c751e8b465ee728b)  -> (artifact id: 'e255574fe6ae2a117ba8106dcb3e562b') in 0.008167 seconds
Number of updated asset objects reloaded before import = 0
Number of asset objects unloaded after import = 2
========================================================================
Received Import Request.
  Time since last request: 0.000024 seconds.
  path: Assets/Obj/hopper_top.png
  artifactKey: Guid(ec74dbac72a57b14dbd54da7010f98e7) Importer(815301076,1909f56bfc062723c751e8b465ee728b)
Start importing Assets/Obj/hopper_top.png using Guid(ec74dbac72a57b14dbd54da7010f98e7) Importer(815301076,1909f56bfc062723c751e8b465ee728b)  -> (artifact id: '04580401aba65bb32d652bfa92650fcf') in 0.008358 seconds
Number of updated asset objects reloaded before import = 0
Number of asset objects unloaded after import = 2
========================================================================
Received Import Request.
  Time since last request: 0.000023 seconds.
  path: Assets/Obj/MWO_chest_top.png
  artifactKey: Guid(8df6bd989691bf148b74ca78bac1c33c) Importer(815301076,1909f56bfc062723c751e8b465ee728b)
Start importing Assets/Obj/MWO_chest_top.png using Guid(8df6bd989691bf148b74ca78bac1c33c) Importer(815301076,1909f56bfc062723c751e8b465ee728b)  -> (artifact id: '697d65caa7d1d777061ecb05ae1b3939') in 0.007774 seconds
Number of updated asset objects reloaded before import = 0
Number of asset objects unloaded after import = 2
========================================================================
Received Import Request.
  Time since last request: 0.000018 seconds.
  path: Assets/Obj/MWO_double_chest_back_left.png
  artifactKey: Guid(1585e3a667e7f2044ad55681c0d199d5) Importer(815301076,1909f56bfc062723c751e8b465ee728b)
Start importing Assets/Obj/MWO_double_chest_back_left.png using Guid(1585e3a667e7f2044ad55681c0d199d5) Importer(815301076,1909f56bfc062723c751e8b465ee728b)  -> (artifact id: '9460bd7f4fc626fde531f07c11abf2d4') in 0.006952 seconds
Number of updated asset objects reloaded before import = 0
Number of asset objects unloaded after import = 2
========================================================================
Received Import Request.
  Time since last request: 0.000033 seconds.
  path: Assets/Obj/MWO_redstone_dust_angled_off.png
  artifactKey: Guid(f5deafac86b094144be9572eed680f8d) Importer(815301076,1909f56bfc062723c751e8b465ee728b)
Start importing Assets/Obj/MWO_redstone_dust_angled_off.png using Guid(f5deafac86b094144be9572eed680f8d) Importer(815301076,1909f56bfc062723c751e8b465ee728b)  -> (artifact id: 'a146706c020ce9f756e5a1e7924c741c') in 0.010359 seconds
Number of updated asset objects reloaded before import = 0
Number of asset objects unloaded after import = 2
========================================================================
Received Import Request.
  Time since last request: 0.000024 seconds.
  path: Assets/Obj/soul_lantern.png
  artifactKey: Guid(cd5a05b307d3b084890cb0ffafe63964) Importer(815301076,1909f56bfc062723c751e8b465ee728b)
Start importing Assets/Obj/soul_lantern.png using Guid(cd5a05b307d3b084890cb0ffafe63964) Importer(815301076,1909f56bfc062723c751e8b465ee728b)  -> (artifact id: '3a59df5bcb50ae405a96211e9cec1f4c') in 0.008901 seconds
Number of updated asset objects reloaded before import = 0
Number of asset objects unloaded after import = 2
========================================================================
Received Import Request.
  Time since last request: 0.000028 seconds.
  path: Assets/Obj/furnace_front.png
  artifactKey: Guid(04095b8fa16db3446a785bcb164b9e49) Importer(815301076,1909f56bfc062723c751e8b465ee728b)
Start importing Assets/Obj/furnace_front.png using Guid(04095b8fa16db3446a785bcb164b9e49) Importer(815301076,1909f56bfc062723c751e8b465ee728b)  -> (artifact id: '6de4722cc6ab8bc14681e77778ddae4f') in 0.009191 seconds
Number of updated asset objects reloaded before import = 0
Number of asset objects unloaded after import = 2
========================================================================
Received Import Request.
  Time since last request: 0.000017 seconds.
  path: Assets/Obj/endymining_cafe.obj
  artifactKey: Guid(055b2046ac555d64aa1d969a668f167d) Importer(815301076,1909f56bfc062723c751e8b465ee728b)
Start importing Assets/Obj/endymining_cafe.obj using Guid(055b2046ac555d64aa1d969a668f167d) Importer(815301076,1909f56bfc062723c751e8b465ee728b)  -> (artifact id: '93a0cb4815c6af75e296a38544e02e19') in 1.671208 seconds
Number of updated asset objects reloaded before import = 0
Number of asset objects unloaded after import = 685
========================================================================
Received Prepare
Begin MonoManager ReloadAssembly
Symbol file LoadedFromMemory doesn't match image B:\Unity\Projects\math card\Library\PackageCache\com.unity.visualscripting@1.8.0\Editor\VisualScripting.Core\Dependencies\YamlDotNet\Unity.VisualScripting.YamlDotNet.dll
Symbol file LoadedFromMemory doesn't match image B:\Unity\Projects\math card\Library\PackageCache\com.unity.visualscripting@1.8.0\Editor\VisualScripting.Core\Dependencies\DotNetZip\Unity.VisualScripting.IonicZip.dll
- Loaded All Assemblies, in  0.742 seconds
Refreshing native plugins compatible for Editor in 1.91 ms, found 3 plugins.
Native extension for UWP target not found
Native extension for WindowsStandalone target not found
Native extension for Android target not found
Native extension for OSXStandalone target not found
System.Exception: Error! Visual Scripting: couldn't find visual scripting package
  at Unity.VisualScripting.PackageVersionUtility.get_version () [0x00043] in .\Library\PackageCache\com.unity.visualscripting@1.8.0\Editor\VisualScripting.Core\Utilities\PackageVersionUtility.cs:31 
  at Unity.VisualScripting.BoltCoreManifest.get_version () [0x00000] in .\Library\PackageCache\com.unity.visualscripting@1.8.0\Editor\VisualScripting.Core\Plugin\BoltCoreManifest.cs:11 
  at Unity.VisualScripting.PluginManifest.get_currentVersion () [0x00000] in .\Library\PackageCache\com.unity.visualscripting@1.8.0\Editor\VisualScripting.Core\Plugins\PluginManifest.cs:33 
  at Unity.VisualScripting.PluginManifest.get_versionMismatch () [0x00000] in .\Library\PackageCache\com.unity.visualscripting@1.8.0\Editor\VisualScripting.Core\Plugins\PluginManifest.cs:48 
  at Unity.VisualScripting.PluginContainer.Initialize () [0x00525] in .\Library\PackageCache\com.unity.visualscripting@1.8.0\Editor\VisualScripting.Core\Plugins\PluginContainer.cs:208 
  at Unity.VisualScripting.PluginContainer.InitializeOnLoad () [0x00009] in .\Library\PackageCache\com.unity.visualscripting@1.8.0\Editor\VisualScripting.Core\Plugins\PluginContainer.cs:32 
  at Unity.VisualScripting.VSUsageUtility.DoInitializeOnLoadCalls () [0x00034] in .\Library\PackageCache\com.unity.visualscripting@1.8.0\Editor\VisualScripting.Core\Utilities\VSUsageUtility.cs:76 
  at Unity.VisualScripting.VSUsageUtility.set_isVisualScriptingUsed (System.Boolean value) [0x0002c] in .\Library\PackageCache\com.unity.visualscripting@1.8.0\Editor\VisualScripting.Core\Utilities\VSUsageUtility.cs:114 
  at Unity.VisualScripting.VSUsageUtility.CheckAndSetIsVisualScriptingUsed () [0x0000d] in .\Library\PackageCache\com.unity.visualscripting@1.8.0\Editor\VisualScripting.Core\Utilities\VSUsageUtility.cs:33 
  at Unity.VisualScripting.VSUsageUtility..cctor () [0x00000] in .\Library\PackageCache\com.unity.visualscripting@1.8.0\Editor\VisualScripting.Core\Utilities\VSUsageUtility.cs:22 
UnityEngine.StackTraceUtility:ExtractStackTrace ()
UnityEngine.DebugLogHandler:LogFormat (UnityEngine.LogType,UnityEngine.Object,string,object[])
UnityEngine.Logger:Log (UnityEngine.LogType,object)
UnityEngine.Debug:LogError (object)
UnityEditor.EditorAssemblies:ProcessInitializeOnLoadAttributes (System.Type[])

Mono: successfully reloaded assembly
- Finished resetting the current domain, in  1.523 seconds
Domain Reload Profiling: 2265ms
	BeginReloadAssembly (173ms)
		ExecutionOrderSort (0ms)
		DisableScriptedObjects (7ms)
		BackupInstance (0ms)
		ReleaseScriptingObjects (0ms)
		CreateAndSetChildDomain (50ms)
	RebuildCommonClasses (31ms)
	RebuildNativeTypeToScriptingClass (11ms)
	initialDomainReloadingComplete (27ms)
	LoadAllAssembliesAndSetupDomain (499ms)
		LoadAssemblies (276ms)
		RebuildTransferFunctionScriptingTraits (0ms)
		AnalyzeDomain (297ms)
			TypeCache.Refresh (292ms)
				TypeCache.ScanAssembly (278ms)
			ScanForSourceGeneratedMonoScriptInfo (0ms)
			ResolveRequiredComponents (5ms)
	FinalizeReload (1524ms)
		ReleaseScriptCaches (0ms)
		RebuildScriptCaches (0ms)
		SetupLoadedEditorAssemblies (968ms)
			LogAssemblyErrors (0ms)
			InitializePlatformSupportModulesInManaged (29ms)
			SetLoadedEditorAssemblies (6ms)
			RefreshPlugins (0ms)
			BeforeProcessingInitializeOnLoad (66ms)
			ProcessInitializeOnLoadAttributes (843ms)
			ProcessInitializeOnLoadMethodAttributes (22ms)
			AfterProcessingInitializeOnLoad (3ms)
			EditorAssembliesLoaded (0ms)
		ExecutionOrderSort2 (0ms)
		AwakeInstancesAfterBackupRestoration (9ms)
Refreshing native plugins compatible for Editor in 2.85 ms, found 3 plugins.
Preloading 0 native plugins for Editor in 0.00 ms.
Unloading 3479 Unused Serialized files (Serialized files now loaded: 0)
Unloading 23 unused Assets / (31.0 KB). Loaded Objects now: 4020.
Memory consumption went from 134.6 MB to 134.6 MB.
Total: 12.717300 ms (FindLiveObjects: 0.325200 ms CreateObjectMapping: 0.310800 ms MarkObjects: 11.991000 ms  DeleteObjects: 0.089100 ms)

Prepare: number of updated asset objects reloaded= 0
AssetImportParameters requested are different than current active one (requested -> active):
  custom:container-demuxer-ogg: 62fdf1f143b41e24485cea50d1cbac27 -> 
  custom:video-decoder-ogg-theora: a1e56fd34408186e4bbccfd4996cb3dc -> 
  custom:framework-win-MediaFoundation: 216162199b28c13a410421893ffa2e32 -> 
  custom:CustomObjectIndexerAttribute: 756ad292c208cfabdd7b50bc23989ffe -> 
  custom:container-demuxer-webm: 4f35f7cbe854078d1ac9338744f61a02 -> 
  custom:container-muxer-webm: aa71ff27fc2769a1b78a27578f13a17b -> 
  custom:video-decoder-webm-vp8: 9c59270c3fd7afecdb556c50c9e8de78 -> 
  custom:AudioImporter_EditorPlatform: d09bf68614088b80899f8185d706f6e7 -> 
  custom:video-encoder-webm-vp8: eb34c28f22e8b96e1ab97ce403110664 -> 
  custom:audio-decoder-ogg-vorbis: bf7c407c2cedff20999df2af8eb42d56 -> 
  custom:audio-encoder-webm-vorbis: bf7c407c2cedff20999df2af8eb42d56 -> 
========================================================================
Received Prepare
Begin MonoManager ReloadAssembly
Symbol file LoadedFromMemory doesn't match image B:\Unity\Projects\math card\Library\PackageCache\com.unity.visualscripting@1.8.0\Editor\VisualScripting.Core\Dependencies\YamlDotNet\Unity.VisualScripting.YamlDotNet.dll
Symbol file LoadedFromMemory doesn't match image B:\Unity\Projects\math card\Library\PackageCache\com.unity.visualscripting@1.8.0\Editor\VisualScripting.Core\Dependencies\DotNetZip\Unity.VisualScripting.IonicZip.dll
- Loaded All Assemblies, in  0.724 seconds
Refreshing native plugins compatible for Editor in 1.98 ms, found 3 plugins.
Native extension for UWP target not found
Native extension for WindowsStandalone target not found
Native extension for Android target not found
Native extension for OSXStandalone target not found
System.Exception: Error! Visual Scripting: couldn't find visual scripting package
  at Unity.VisualScripting.PackageVersionUtility.get_version () [0x00043] in .\Library\PackageCache\com.unity.visualscripting@1.8.0\Editor\VisualScripting.Core\Utilities\PackageVersionUtility.cs:31 
  at Unity.VisualScripting.BoltCoreManifest.get_version () [0x00000] in .\Library\PackageCache\com.unity.visualscripting@1.8.0\Editor\VisualScripting.Core\Plugin\BoltCoreManifest.cs:11 
  at Unity.VisualScripting.PluginManifest.get_currentVersion () [0x00000] in .\Library\PackageCache\com.unity.visualscripting@1.8.0\Editor\VisualScripting.Core\Plugins\PluginManifest.cs:33 
  at Unity.VisualScripting.PluginManifest.get_versionMismatch () [0x00000] in .\Library\PackageCache\com.unity.visualscripting@1.8.0\Editor\VisualScripting.Core\Plugins\PluginManifest.cs:48 
  at Unity.VisualScripting.PluginContainer.Initialize () [0x00525] in .\Library\PackageCache\com.unity.visualscripting@1.8.0\Editor\VisualScripting.Core\Plugins\PluginContainer.cs:208 
  at Unity.VisualScripting.PluginContainer.InitializeOnLoad () [0x00009] in .\Library\PackageCache\com.unity.visualscripting@1.8.0\Editor\VisualScripting.Core\Plugins\PluginContainer.cs:32 
  at Unity.VisualScripting.VSUsageUtility.DoInitializeOnLoadCalls () [0x00034] in .\Library\PackageCache\com.unity.visualscripting@1.8.0\Editor\VisualScripting.Core\Utilities\VSUsageUtility.cs:76 
  at Unity.VisualScripting.VSUsageUtility.set_isVisualScriptingUsed (System.Boolean value) [0x0002c] in .\Library\PackageCache\com.unity.visualscripting@1.8.0\Editor\VisualScripting.Core\Utilities\VSUsageUtility.cs:114 
  at Unity.VisualScripting.VSUsageUtility.CheckAndSetIsVisualScriptingUsed () [0x0000d] in .\Library\PackageCache\com.unity.visualscripting@1.8.0\Editor\VisualScripting.Core\Utilities\VSUsageUtility.cs:33 
  at Unity.VisualScripting.VSUsageUtility..cctor () [0x00000] in .\Library\PackageCache\com.unity.visualscripting@1.8.0\Editor\VisualScripting.Core\Utilities\VSUsageUtility.cs:22 
UnityEngine.StackTraceUtility:ExtractStackTrace ()
UnityEngine.DebugLogHandler:LogFormat (UnityEngine.LogType,UnityEngine.Object,string,object[])
UnityEngine.Logger:Log (UnityEngine.LogType,object)
UnityEngine.Debug:LogError (object)
UnityEditor.EditorAssemblies:ProcessInitializeOnLoadAttributes (System.Type[])

Mono: successfully reloaded assembly
- Finished resetting the current domain, in  1.614 seconds
Domain Reload Profiling: 2338ms
	BeginReloadAssembly (159ms)
		ExecutionOrderSort (0ms)
		DisableScriptedObjects (5ms)
		BackupInstance (0ms)
		ReleaseScriptingObjects (0ms)
		CreateAndSetChildDomain (44ms)
	RebuildCommonClasses (32ms)
	RebuildNativeTypeToScriptingClass (11ms)
	initialDomainReloadingComplete (25ms)
	LoadAllAssembliesAndSetupDomain (496ms)
		LoadAssemblies (275ms)
		RebuildTransferFunctionScriptingTraits (0ms)
		AnalyzeDomain (289ms)
			TypeCache.Refresh (284ms)
				TypeCache.ScanAssembly (267ms)
			ScanForSourceGeneratedMonoScriptInfo (0ms)
			ResolveRequiredComponents (5ms)
	FinalizeReload (1615ms)
		ReleaseScriptCaches (0ms)
		RebuildScriptCaches (0ms)
		SetupLoadedEditorAssemblies (949ms)
			LogAssemblyErrors (0ms)
			InitializePlatformSupportModulesInManaged (27ms)
			SetLoadedEditorAssemblies (5ms)
			RefreshPlugins (0ms)
			BeforeProcessingInitializeOnLoad (68ms)
			ProcessInitializeOnLoadAttributes (824ms)
			ProcessInitializeOnLoadMethodAttributes (22ms)
			AfterProcessingInitializeOnLoad (3ms)
			EditorAssembliesLoaded (0ms)
		ExecutionOrderSort2 (0ms)
		AwakeInstancesAfterBackupRestoration (11ms)
Refreshing native plugins compatible for Editor in 2.75 ms, found 3 plugins.
Preloading 0 native plugins for Editor in 0.00 ms.
Unloading 3480 Unused Serialized files (Serialized files now loaded: 0)
Unloading 23 unused Assets / (31.1 KB). Loaded Objects now: 4024.
Memory consumption went from 134.9 MB to 134.9 MB.
Total: 13.465500 ms (FindLiveObjects: 0.356500 ms CreateObjectMapping: 0.300200 ms MarkObjects: 12.676500 ms  DeleteObjects: 0.130900 ms)

Prepare: number of updated asset objects reloaded= 0
AssetImportParameters requested are different than current active one (requested -> active):
  custom:container-demuxer-ogg: 62fdf1f143b41e24485cea50d1cbac27 -> 
  custom:video-decoder-ogg-theora: a1e56fd34408186e4bbccfd4996cb3dc -> 
  custom:framework-win-MediaFoundation: 216162199b28c13a410421893ffa2e32 -> 
  custom:CustomObjectIndexerAttribute: 756ad292c208cfabdd7b50bc23989ffe -> 
  custom:container-demuxer-webm: 4f35f7cbe854078d1ac9338744f61a02 -> 
  custom:container-muxer-webm: aa71ff27fc2769a1b78a27578f13a17b -> 
  custom:video-decoder-webm-vp8: 9c59270c3fd7afecdb556c50c9e8de78 -> 
  custom:AudioImporter_EditorPlatform: d09bf68614088b80899f8185d706f6e7 -> 
  custom:video-encoder-webm-vp8: eb34c28f22e8b96e1ab97ce403110664 -> 
  custom:audio-decoder-ogg-vorbis: bf7c407c2cedff20999df2af8eb42d56 -> 
  custom:audio-encoder-webm-vorbis: bf7c407c2cedff20999df2af8eb42d56 -> 
========================================================================
Received Import Request.
  Time since last request: 42.677962 seconds.
  path: Assets/Cards/card.prefab
  artifactKey: Guid(83e7378f521a0e348aa06f63a4cd1fb5) Importer(815301076,1909f56bfc062723c751e8b465ee728b)
Start importing Assets/Cards/card.prefab using Guid(83e7378f521a0e348aa06f63a4cd1fb5) Importer(815301076,1909f56bfc062723c751e8b465ee728b)  -> (artifact id: '9a7aa68aaea39f683de9d880d8b83cb9') in 0.071656 seconds
Number of updated asset objects reloaded before import = 0
Number of asset objects unloaded after import = 27
========================================================================
Received Import Request.
  Time since last request: 1.761062 seconds.
  path: Assets/Controlls/InputSystem.inputsettings.asset
  artifactKey: Guid(074736fe04589e742886fb732dfa35f2) Importer(815301076,1909f56bfc062723c751e8b465ee728b)
Start importing Assets/Controlls/InputSystem.inputsettings.asset using Guid(074736fe04589e742886fb732dfa35f2) Importer(815301076,1909f56bfc062723c751e8b465ee728b)  -> (artifact id: 'd004addc810ed2f3cca02a3d11e41987') in 0.001109 seconds
Number of updated asset objects reloaded before import = 0
Number of asset objects unloaded after import = 0
